[PMAC_HARDWARE]
Gate1AutoDetect=0x0
Gate2AutoDetect=0x0
Gate3AutoDetect=0x3
CardIOAutoDetect=0x0
CardDPRAutoDetect=0x0
[PMAC_CONFIG]
// *** EOF 
Successful Configuration using "/var/ftp/usrflash/Project/Configuration/pp_save.cfg"
// *** EOF 
Successful Custom Configuration using "/var/ftp/usrflash/Project/Configuration/pp_custom_save.cfg"
[PMAC_PROJECT]
Start of Project Loading using INI File: "/var/ftp/usrflash/Project/Configuration/pp_proj.ini"
0 Project Symbols were created for gpascii -2 communication
[PMAC_PROJECT]
Start of Project Loading using INI File: "/var/ftp/usrflash/Project/Configuration/pp_proj.ini"
Including Project File: /var/ftp/usrflash/Project/Configuration/pp_disable.txt 
Including Project File: /var/ftp/usrflash/Project/PMAC Script Language/Global Includes/CS3_2Jack.pmh 
Including Project File: /var/ftp/usrflash/Project/PMAC Script Language/Global Includes/global definitions.pmh 
Including Project File: /var/ftp/usrflash/Project/PMAC Script Language/Global Includes/Motor 1.pmh 
Including Project File: /var/ftp/usrflash/Project/PMAC Script Language/Global Includes/Motor 2.pmh 
Including Project File: /var/ftp/usrflash/Project/PMAC Script Language/Global Includes/Motor 3.pmh 
Including Project File: /var/ftp/usrflash/Project/PMAC Script Language/Global Includes/Motor 4.pmh 
Including Project File: /var/ftp/usrflash/Project/PMAC Script Language/Global Includes/Motor 5.pmh 
Including Project File: /var/ftp/usrflash/Project/PMAC Script Language/Global Includes/Motor 6.pmh 
Including Project File: /var/ftp/usrflash/Project/PMAC Script Language/Global Includes/Motor 7.pmh 
Including Project File: /var/ftp/usrflash/Project/PMAC Script Language/Global Includes/Motor 8.pmh 
Including Project File: /var/ftp/usrflash/Project/PMAC Script Language/Global Includes/PLCS.pmh 
Including Project File: /var/ftp/usrflash/Project/PMAC Script Language/Kinematic Routines/CS3_2Jack.kin 
Including Project File: /var/ftp/usrflash/Project/PMAC Script Language/Libraries/subprog1.pmc 
Including Project File: /var/ftp/usrflash/Project/PMAC Script Language/Motion Programs/PROG10_CS_motion.pmc 
Including Project File: /var/ftp/usrflash/Project/PMAC Script Language/PLC Programs/LabPLCs.plc 
Including Project File: /var/ftp/usrflash/Project/Configuration/pp_startup.txt 
[PMAC_PROJECT]
Start of Project Loading using INI File: "/var/ftp/usrflash/Project/Configuration/pp_proj.ini"
LoadRTUserCode() Delta Time (sec) = 0.090300
Including Project File: /var/ftp/usrflash/Project/Configuration/pp_disable.txt 
Including Project File: /var/ftp/usrflash/Project/PMAC Script Language/Global Includes/CS3_2Jack.pmh 
Including Project File: /var/ftp/usrflash/Project/PMAC Script Language/Global Includes/global definitions.pmh 
Including Project File: /var/ftp/usrflash/Project/PMAC Script Language/Global Includes/Motor 1.pmh 
Including Project File: /var/ftp/usrflash/Project/PMAC Script Language/Global Includes/Motor 2.pmh 
Including Project File: /var/ftp/usrflash/Project/PMAC Script Language/Global Includes/Motor 3.pmh 
Including Project File: /var/ftp/usrflash/Project/PMAC Script Language/Global Includes/Motor 4.pmh 
Including Project File: /var/ftp/usrflash/Project/PMAC Script Language/Global Includes/Motor 5.pmh 
Including Project File: /var/ftp/usrflash/Project/PMAC Script Language/Global Includes/Motor 6.pmh 
Including Project File: /var/ftp/usrflash/Project/PMAC Script Language/Global Includes/Motor 7.pmh 
Including Project File: /var/ftp/usrflash/Project/PMAC Script Language/Global Includes/Motor 8.pmh 
Including Project File: /var/ftp/usrflash/Project/PMAC Script Language/Global Includes/PLCS.pmh 
Including Project File: /var/ftp/usrflash/Project/PMAC Script Language/Kinematic Routines/CS3_2Jack.kin 
Including Project File: /var/ftp/usrflash/Project/PMAC Script Language/Libraries/subprog1.pmc 
Including Project File: /var/ftp/usrflash/Project/PMAC Script Language/Motion Programs/PROG10_CS_motion.pmc 
Including Project File: /var/ftp/usrflash/Project/PMAC Script Language/PLC Programs/LabPLCs.plc 
Including Project File: /var/ftp/usrflash/Project/Configuration/pp_startup.txt 
Status: Pass 1 Create debug file, #defines, *.h & .sym files, Time (sec) = 0.223386
Status: Pass 2 Verify prog calls, local stack & labels, Time (sec)  = 0.017190
17 Project Symbols were created for gpascii -2 communication
Status: Create PPMAC Symbol Table & Run CPP Time (sec) = 0.681758
Status: Successful load of preprocessed File: "/var/ftp/usrflash/Temp/pp_proj.pma"
Status: Download to PPMAC Command Processor, Time (sec) = 0.003644
Status: Final pp_proj.h & Run Background C Apps, Time (sec) = 0.297769
Project Preprocessing & Load Total Time (sec) = 1.314609
[PMAC_PROJECT]
Start of Project Loading using INI File: "/var/ftp/usrflash/Project/Configuration/pp_proj.ini"
LoadRTUserCode() Delta Time (sec) = 0.090379
Including Project File: /var/ftp/usrflash/Project/Configuration/pp_disable.txt 
Including Project File: /var/ftp/usrflash/Project/PMAC Script Language/Global Includes/CS3_2Jack.pmh 
Including Project File: /var/ftp/usrflash/Project/PMAC Script Language/Global Includes/global definitions.pmh 
Including Project File: /var/ftp/usrflash/Project/PMAC Script Language/Global Includes/Motor 1.pmh 
Including Project File: /var/ftp/usrflash/Project/PMAC Script Language/Global Includes/Motor 2.pmh 
Including Project File: /var/ftp/usrflash/Project/PMAC Script Language/Global Includes/Motor 3.pmh 
Including Project File: /var/ftp/usrflash/Project/PMAC Script Language/Global Includes/Motor 4.pmh 
Including Project File: /var/ftp/usrflash/Project/PMAC Script Language/Global Includes/Motor 5.pmh 
Including Project File: /var/ftp/usrflash/Project/PMAC Script Language/Global Includes/Motor 6.pmh 
Including Project File: /var/ftp/usrflash/Project/PMAC Script Language/Global Includes/Motor 7.pmh 
Including Project File: /var/ftp/usrflash/Project/PMAC Script Language/Global Includes/Motor 8.pmh 
Including Project File: /var/ftp/usrflash/Project/PMAC Script Language/Global Includes/PLCS.pmh 
Including Project File: /var/ftp/usrflash/Project/PMAC Script Language/Kinematic Routines/CS3_2Jack.kin 
Including Project File: /var/ftp/usrflash/Project/PMAC Script Language/Libraries/subprog1.pmc 
Including Project File: /var/ftp/usrflash/Project/PMAC Script Language/Motion Programs/PROG10_CS_motion.pmc 
Including Project File: /var/ftp/usrflash/Project/PMAC Script Language/PLC Programs/LabPLCs.plc 
Including Project File: /var/ftp/usrflash/Project/Configuration/pp_startup.txt 
Status: Pass 1 Create debug file, #defines, *.h & .sym files, Time (sec) = 0.225780
Status: Pass 2 Verify prog calls, local stack & labels, Time (sec)  = 0.015711
17 Project Symbols were created for gpascii -2 communication
Status: Create PPMAC Symbol Table & Run CPP Time (sec) = 0.358035
Status: Successful load of preprocessed File: "/var/ftp/usrflash/Temp/pp_proj.pma"
Status: Download to PPMAC Command Processor, Time (sec) = 0.005767
Status: Final pp_proj.h & Run Background C Apps, Time (sec) = 0.319157
Project Preprocessing & Load Total Time (sec) = 1.015322
[PMAC_PROJECT]
Start of Project Loading using INI File: "/var/ftp/usrflash/Project/Configuration/pp_proj.ini"
LoadRTUserCode() Delta Time (sec) = 0.092934
Including Project File: /var/ftp/usrflash/Project/Configuration/pp_disable.txt 
Including Project File: /var/ftp/usrflash/Project/PMAC Script Language/Global Includes/CS3_2Jack.pmh 
Including Project File: /var/ftp/usrflash/Project/PMAC Script Language/Global Includes/global definitions.pmh 
Including Project File: /var/ftp/usrflash/Project/PMAC Script Language/Global Includes/Motor 1.pmh 
Including Project File: /var/ftp/usrflash/Project/PMAC Script Language/Global Includes/Motor 2.pmh 
Including Project File: /var/ftp/usrflash/Project/PMAC Script Language/Global Includes/Motor 3.pmh 
Including Project File: /var/ftp/usrflash/Project/PMAC Script Language/Global Includes/Motor 4.pmh 
Including Project File: /var/ftp/usrflash/Project/PMAC Script Language/Global Includes/Motor 5.pmh 
Including Project File: /var/ftp/usrflash/Project/PMAC Script Language/Global Includes/Motor 6.pmh 
Including Project File: /var/ftp/usrflash/Project/PMAC Script Language/Global Includes/Motor 7.pmh 
Including Project File: /var/ftp/usrflash/Project/PMAC Script Language/Global Includes/Motor 8.pmh 
Including Project File: /var/ftp/usrflash/Project/PMAC Script Language/Global Includes/PLCS.pmh 
Including Project File: /var/ftp/usrflash/Project/PMAC Script Language/Kinematic Routines/CS3_2Jack.kin 
Including Project File: /var/ftp/usrflash/Project/PMAC Script Language/Libraries/subprog1.pmc 
Including Project File: /var/ftp/usrflash/Project/PMAC Script Language/Motion Programs/PROG10_CS_motion.pmc 
Including Project File: /var/ftp/usrflash/Project/PMAC Script Language/Motion Programs/trajectory_scan_code_ppmac.pmc 
/var/ftp/usrflash/Project/PMAC Script Language/Motion Programs/trajectory_scan_code_ppmac.pmc:334:1: Preprocessing Error: Missing } bracket: on string:"Close"
Including Project File: /var/ftp/usrflash/Project/PMAC Script Language/Motion Programs/trajectory_scan_definitions_ppmac.pmc 
/var/ftp/usrflash/Project/PMAC Script Language/Motion Programs/trajectory_scan_definitions_ppmac.pmc:20:1: Preprocessing Error: Illegal Format: on string:"global BufferAdr(BuffLen*2*10)                      ; PVT position buffers"
Including Project File: /var/ftp/usrflash/Project/PMAC Script Language/PLC Programs/LabPLCs.plc 
Status: Pass 1 Create debug file, #defines, *.h & .sym files, Time (sec) = 0.263421
Status: Final pp_proj.h & Run Background C Apps, Time (sec) = 0.103480
Project Preprocessing & Load Total Time (sec) = 0.460685
[PMAC_PROJECT]
Start of Project Loading using INI File: "/var/ftp/usrflash/Project/Configuration/pp_proj.ini"
LoadRTUserCode() Delta Time (sec) = 0.083708
Including Project File: /var/ftp/usrflash/Project/Configuration/pp_disable.txt 
Including Project File: /var/ftp/usrflash/Project/PMAC Script Language/Global Includes/CS3_2Jack.pmh 
Including Project File: /var/ftp/usrflash/Project/PMAC Script Language/Global Includes/global definitions.pmh 
Including Project File: /var/ftp/usrflash/Project/PMAC Script Language/Global Includes/Motor 1.pmh 
Including Project File: /var/ftp/usrflash/Project/PMAC Script Language/Global Includes/Motor 2.pmh 
Including Project File: /var/ftp/usrflash/Project/PMAC Script Language/Global Includes/Motor 3.pmh 
Including Project File: /var/ftp/usrflash/Project/PMAC Script Language/Global Includes/Motor 4.pmh 
Including Project File: /var/ftp/usrflash/Project/PMAC Script Language/Global Includes/Motor 5.pmh 
Including Project File: /var/ftp/usrflash/Project/PMAC Script Language/Global Includes/Motor 6.pmh 
Including Project File: /var/ftp/usrflash/Project/PMAC Script Language/Global Includes/Motor 7.pmh 
Including Project File: /var/ftp/usrflash/Project/PMAC Script Language/Global Includes/Motor 8.pmh 
Including Project File: /var/ftp/usrflash/Project/PMAC Script Language/Global Includes/PLCS.pmh 
Including Project File: /var/ftp/usrflash/Project/PMAC Script Language/Kinematic Routines/CS3_2Jack.kin 
Including Project File: /var/ftp/usrflash/Project/PMAC Script Language/Libraries/subprog1.pmc 
Including Project File: /var/ftp/usrflash/Project/PMAC Script Language/Motion Programs/PROG10_CS_motion.pmc 
Including Project File: /var/ftp/usrflash/Project/PMAC Script Language/Motion Programs/trajectory_scan_code_ppmac.pmc 
/var/ftp/usrflash/Project/PMAC Script Language/Motion Programs/trajectory_scan_code_ppmac.pmc:334:1: Preprocessing Error: Missing } bracket: on string:"Close"
Including Project File: /var/ftp/usrflash/Project/PMAC Script Language/PLC Programs/LabPLCs.plc 
Status: Pass 1 Create debug file, #defines, *.h & .sym files, Time (sec) = 0.263242
Status: Final pp_proj.h & Run Background C Apps, Time (sec) = 0.104188
Project Preprocessing & Load Total Time (sec) = 0.451890
[PMAC_PROJECT]
Start of Project Loading using INI File: "/var/ftp/usrflash/Project/Configuration/pp_proj.ini"
LoadRTUserCode() Delta Time (sec) = 0.092145
Including Project File: /var/ftp/usrflash/Project/Configuration/pp_disable.txt 
Including Project File: /var/ftp/usrflash/Project/PMAC Script Language/Global Includes/CS3_2Jack.pmh 
Including Project File: /var/ftp/usrflash/Project/PMAC Script Language/Global Includes/global definitions.pmh 
Including Project File: /var/ftp/usrflash/Project/PMAC Script Language/Global Includes/Motor 1.pmh 
Including Project File: /var/ftp/usrflash/Project/PMAC Script Language/Global Includes/Motor 2.pmh 
Including Project File: /var/ftp/usrflash/Project/PMAC Script Language/Global Includes/Motor 3.pmh 
Including Project File: /var/ftp/usrflash/Project/PMAC Script Language/Global Includes/Motor 4.pmh 
Including Project File: /var/ftp/usrflash/Project/PMAC Script Language/Global Includes/Motor 5.pmh 
Including Project File: /var/ftp/usrflash/Project/PMAC Script Language/Global Includes/Motor 6.pmh 
Including Project File: /var/ftp/usrflash/Project/PMAC Script Language/Global Includes/Motor 7.pmh 
Including Project File: /var/ftp/usrflash/Project/PMAC Script Language/Global Includes/Motor 8.pmh 
Including Project File: /var/ftp/usrflash/Project/PMAC Script Language/Global Includes/PLCS.pmh 
Including Project File: /var/ftp/usrflash/Project/PMAC Script Language/Kinematic Routines/CS3_2Jack.kin 
Including Project File: /var/ftp/usrflash/Project/PMAC Script Language/Libraries/subprog1.pmc 
Including Project File: /var/ftp/usrflash/Project/PMAC Script Language/Motion Programs/PROG10_CS_motion.pmc 
Including Project File: /var/ftp/usrflash/Project/PMAC Script Language/Motion Programs/trajectory_scan_code_ppmac.pmc 
/var/ftp/usrflash/Project/PMAC Script Language/Motion Programs/trajectory_scan_code_ppmac.pmc:335:1: Preprocessing Error: Missing } bracket: on string:"Close"
Including Project File: /var/ftp/usrflash/Project/PMAC Script Language/PLC Programs/LabPLCs.plc 
Status: Pass 1 Create debug file, #defines, *.h & .sym files, Time (sec) = 0.263645
Status: Final pp_proj.h & Run Background C Apps, Time (sec) = 0.103566
Project Preprocessing & Load Total Time (sec) = 0.460081
[PMAC_PROJECT]
Start of Project Loading using INI File: "/var/ftp/usrflash/Project/Configuration/pp_proj.ini"
LoadRTUserCode() Delta Time (sec) = 0.085172
Including Project File: /var/ftp/usrflash/Project/Configuration/pp_disable.txt 
Including Project File: /var/ftp/usrflash/Project/PMAC Script Language/Global Includes/CS3_2Jack.pmh 
Including Project File: /var/ftp/usrflash/Project/PMAC Script Language/Global Includes/global definitions.pmh 
Including Project File: /var/ftp/usrflash/Project/PMAC Script Language/Global Includes/Motor 1.pmh 
Including Project File: /var/ftp/usrflash/Project/PMAC Script Language/Global Includes/Motor 2.pmh 
Including Project File: /var/ftp/usrflash/Project/PMAC Script Language/Global Includes/Motor 3.pmh 
Including Project File: /var/ftp/usrflash/Project/PMAC Script Language/Global Includes/Motor 4.pmh 
Including Project File: /var/ftp/usrflash/Project/PMAC Script Language/Global Includes/Motor 5.pmh 
Including Project File: /var/ftp/usrflash/Project/PMAC Script Language/Global Includes/Motor 6.pmh 
Including Project File: /var/ftp/usrflash/Project/PMAC Script Language/Global Includes/Motor 7.pmh 
Including Project File: /var/ftp/usrflash/Project/PMAC Script Language/Global Includes/Motor 8.pmh 
Including Project File: /var/ftp/usrflash/Project/PMAC Script Language/Global Includes/PLCS.pmh 
Including Project File: /var/ftp/usrflash/Project/PMAC Script Language/Kinematic Routines/CS3_2Jack.kin 
Including Project File: /var/ftp/usrflash/Project/PMAC Script Language/Libraries/subprog1.pmc 
Including Project File: /var/ftp/usrflash/Project/PMAC Script Language/Motion Programs/PROG10_CS_motion.pmc 
Including Project File: /var/ftp/usrflash/Project/PMAC Script Language/Motion Programs/trajectory_scan_code_ppmac.pmc 
Including Project File: /var/ftp/usrflash/Project/PMAC Script Language/PLC Programs/LabPLCs.plc 
Including Project File: /var/ftp/usrflash/Project/Configuration/pp_startup.txt 
Status: Pass 1 Create debug file, #defines, *.h & .sym files, Time (sec) = 0.264069
Status: Pass 2 Verify prog calls, local stack & labels, Time (sec)  = 0.017513
18 Project Symbols were created for gpascii -2 communication
Status: Create PPMAC Symbol Table & Run CPP Time (sec) = 0.351599
Prog10 offset 361, size 94
&3Inverse offset 180, size 181
&3Forward offset 0, size 180
Error: downloading preprocessed File: "/var/ftp/usrflash/Temp/pp_proj.pma"
Status: Download to PPMAC Command Processor, Time (sec) = 0.006025
Project Preprocessing & Load Total Time (sec) = 0.726150
[PMAC_PROJECT]
Start of Project Loading using INI File: "/var/ftp/usrflash/Project/Configuration/pp_proj.ini"
LoadRTUserCode() Delta Time (sec) = 0.091203
Including Project File: /var/ftp/usrflash/Project/Configuration/pp_disable.txt 
Including Project File: /var/ftp/usrflash/Project/PMAC Script Language/Global Includes/CS3_2Jack.pmh 
Including Project File: /var/ftp/usrflash/Project/PMAC Script Language/Global Includes/global definitions.pmh 
Including Project File: /var/ftp/usrflash/Project/PMAC Script Language/Global Includes/Motor 1.pmh 
Including Project File: /var/ftp/usrflash/Project/PMAC Script Language/Global Includes/Motor 2.pmh 
Including Project File: /var/ftp/usrflash/Project/PMAC Script Language/Global Includes/Motor 3.pmh 
Including Project File: /var/ftp/usrflash/Project/PMAC Script Language/Global Includes/Motor 4.pmh 
Including Project File: /var/ftp/usrflash/Project/PMAC Script Language/Global Includes/Motor 5.pmh 
Including Project File: /var/ftp/usrflash/Project/PMAC Script Language/Global Includes/Motor 6.pmh 
Including Project File: /var/ftp/usrflash/Project/PMAC Script Language/Global Includes/Motor 7.pmh 
Including Project File: /var/ftp/usrflash/Project/PMAC Script Language/Global Includes/Motor 8.pmh 
Including Project File: /var/ftp/usrflash/Project/PMAC Script Language/Global Includes/PLCS.pmh 
Including Project File: /var/ftp/usrflash/Project/PMAC Script Language/Kinematic Routines/CS3_2Jack.kin 
Including Project File: /var/ftp/usrflash/Project/PMAC Script Language/Libraries/subprog1.pmc 
Including Project File: /var/ftp/usrflash/Project/PMAC Script Language/Motion Programs/PROG10_CS_motion.pmc 
Including Project File: /var/ftp/usrflash/Project/PMAC Script Language/Motion Programs/trajectory_scan_code_ppmac.pmc 
Including Project File: /var/ftp/usrflash/Project/PMAC Script Language/PLC Programs/LabPLCs.plc 
Including Project File: /var/ftp/usrflash/Project/Configuration/pp_startup.txt 
Status: Pass 1 Create debug file, #defines, *.h & .sym files, Time (sec) = 0.243572
Status: Pass 2 Verify prog calls, local stack & labels, Time (sec)  = 0.018744
18 Project Symbols were created for gpascii -2 communication
Status: Create PPMAC Symbol Table & Run CPP Time (sec) = 0.345785
Prog10 offset 361, size 94
&3Inverse offset 180, size 181
&3Forward offset 0, size 180
Error: downloading preprocessed File: "/var/ftp/usrflash/Temp/pp_proj.pma"
Status: Download to PPMAC Command Processor, Time (sec) = 0.003265
Project Preprocessing & Load Total Time (sec) = 0.703880
[PMAC_PROJECT]
Start of Project Loading using INI File: "/var/ftp/usrflash/Project/Configuration/pp_proj.ini"
LoadRTUserCode() Delta Time (sec) = 0.082553
Including Project File: /var/ftp/usrflash/Project/Configuration/pp_disable.txt 
Including Project File: /var/ftp/usrflash/Project/PMAC Script Language/Global Includes/CS3_2Jack.pmh 
Including Project File: /var/ftp/usrflash/Project/PMAC Script Language/Global Includes/global definitions.pmh 
Including Project File: /var/ftp/usrflash/Project/PMAC Script Language/Global Includes/Motor 1.pmh 
Including Project File: /var/ftp/usrflash/Project/PMAC Script Language/Global Includes/Motor 2.pmh 
Including Project File: /var/ftp/usrflash/Project/PMAC Script Language/Global Includes/Motor 3.pmh 
Including Project File: /var/ftp/usrflash/Project/PMAC Script Language/Global Includes/Motor 4.pmh 
Including Project File: /var/ftp/usrflash/Project/PMAC Script Language/Global Includes/Motor 5.pmh 
Including Project File: /var/ftp/usrflash/Project/PMAC Script Language/Global Includes/Motor 6.pmh 
Including Project File: /var/ftp/usrflash/Project/PMAC Script Language/Global Includes/Motor 7.pmh 
Including Project File: /var/ftp/usrflash/Project/PMAC Script Language/Global Includes/Motor 8.pmh 
Including Project File: /var/ftp/usrflash/Project/PMAC Script Language/Global Includes/PLCS.pmh 
Including Project File: /var/ftp/usrflash/Project/PMAC Script Language/Kinematic Routines/CS3_2Jack.kin 
Including Project File: /var/ftp/usrflash/Project/PMAC Script Language/Libraries/subprog1.pmc 
Including Project File: /var/ftp/usrflash/Project/PMAC Script Language/Motion Programs/PROG10_CS_motion.pmc 
Including Project File: /var/ftp/usrflash/Project/PMAC Script Language/Motion Programs/trajectory_scan_code_ppmac.pmc 
Including Project File: /var/ftp/usrflash/Project/PMAC Script Language/PLC Programs/LabPLCs.plc 
Including Project File: /var/ftp/usrflash/Project/Configuration/pp_startup.txt 
Status: Pass 1 Create debug file, #defines, *.h & .sym files, Time (sec) = 0.250847
Status: Pass 2 Verify prog calls, local stack & labels, Time (sec)  = 0.018667
18 Project Symbols were created for gpascii -2 communication
Status: Create PPMAC Symbol Table & Run CPP Time (sec) = 0.339143
Prog10 offset 361, size 94
&3Inverse offset 180, size 181
&3Forward offset 0, size 180
Error: downloading preprocessed File: "/var/ftp/usrflash/Temp/pp_proj.pma"
Status: Download to PPMAC Command Processor, Time (sec) = 0.004158
Project Preprocessing & Load Total Time (sec) = 0.698973
[PMAC_PROJECT]
Start of Project Loading using INI File: "/var/ftp/usrflash/Project/Configuration/pp_proj.ini"
LoadRTUserCode() Delta Time (sec) = 0.082519
Including Project File: /var/ftp/usrflash/Project/Configuration/pp_disable.txt 
Including Project File: /var/ftp/usrflash/Project/PMAC Script Language/Global Includes/CS3_2Jack.pmh 
Including Project File: /var/ftp/usrflash/Project/PMAC Script Language/Global Includes/global definitions.pmh 
Including Project File: /var/ftp/usrflash/Project/PMAC Script Language/Global Includes/Motor 1.pmh 
Including Project File: /var/ftp/usrflash/Project/PMAC Script Language/Global Includes/Motor 2.pmh 
Including Project File: /var/ftp/usrflash/Project/PMAC Script Language/Global Includes/Motor 3.pmh 
Including Project File: /var/ftp/usrflash/Project/PMAC Script Language/Global Includes/Motor 4.pmh 
Including Project File: /var/ftp/usrflash/Project/PMAC Script Language/Global Includes/Motor 5.pmh 
Including Project File: /var/ftp/usrflash/Project/PMAC Script Language/Global Includes/Motor 6.pmh 
Including Project File: /var/ftp/usrflash/Project/PMAC Script Language/Global Includes/Motor 7.pmh 
Including Project File: /var/ftp/usrflash/Project/PMAC Script Language/Global Includes/Motor 8.pmh 
Including Project File: /var/ftp/usrflash/Project/PMAC Script Language/Global Includes/PLCS.pmh 
Including Project File: /var/ftp/usrflash/Project/PMAC Script Language/Kinematic Routines/CS3_2Jack.kin 
Including Project File: /var/ftp/usrflash/Project/PMAC Script Language/Libraries/subprog1.pmc 
Including Project File: /var/ftp/usrflash/Project/PMAC Script Language/Motion Programs/PROG10_CS_motion.pmc 
Including Project File: /var/ftp/usrflash/Project/PMAC Script Language/Motion Programs/trajectory_scan_code_ppmac.pmc 
Including Project File: /var/ftp/usrflash/Project/PMAC Script Language/PLC Programs/LabPLCs.plc 
Including Project File: /var/ftp/usrflash/Project/Configuration/pp_startup.txt 
Status: Pass 1 Create debug file, #defines, *.h & .sym files, Time (sec) = 0.254570
Status: Pass 2 Verify prog calls, local stack & labels, Time (sec)  = 0.016780
18 Project Symbols were created for gpascii -2 communication
Status: Create PPMAC Symbol Table & Run CPP Time (sec) = 0.347211
Prog10 offset 361, size 94
&3Inverse offset 180, size 181
&3Forward offset 0, size 180
Error: downloading preprocessed File: "/var/ftp/usrflash/Temp/pp_proj.pma"
Status: Download to PPMAC Command Processor, Time (sec) = 0.004356
Project Preprocessing & Load Total Time (sec) = 0.707137
[PMAC_PROJECT]
Start of Project Loading using INI File: "/var/ftp/usrflash/Project/Configuration/pp_proj.ini"
LoadRTUserCode() Delta Time (sec) = 0.088872
Including Project File: /var/ftp/usrflash/Project/Configuration/pp_disable.txt 
Including Project File: /var/ftp/usrflash/Project/PMAC Script Language/Global Includes/CS3_2Jack.pmh 
Including Project File: /var/ftp/usrflash/Project/PMAC Script Language/Global Includes/global definitions.pmh 
Including Project File: /var/ftp/usrflash/Project/PMAC Script Language/Global Includes/Motor 1.pmh 
Including Project File: /var/ftp/usrflash/Project/PMAC Script Language/Global Includes/Motor 2.pmh 
Including Project File: /var/ftp/usrflash/Project/PMAC Script Language/Global Includes/Motor 3.pmh 
Including Project File: /var/ftp/usrflash/Project/PMAC Script Language/Global Includes/Motor 4.pmh 
Including Project File: /var/ftp/usrflash/Project/PMAC Script Language/Global Includes/Motor 5.pmh 
Including Project File: /var/ftp/usrflash/Project/PMAC Script Language/Global Includes/Motor 6.pmh 
Including Project File: /var/ftp/usrflash/Project/PMAC Script Language/Global Includes/Motor 7.pmh 
Including Project File: /var/ftp/usrflash/Project/PMAC Script Language/Global Includes/Motor 8.pmh 
Including Project File: /var/ftp/usrflash/Project/PMAC Script Language/Global Includes/PLCS.pmh 
Including Project File: /var/ftp/usrflash/Project/PMAC Script Language/Global Includes/trajectory_scan_definitions_ppmac.pmh 
/var/ftp/usrflash/Project/PMAC Script Language/Global Includes/trajectory_scan_definitions_ppmac.pmh:21:1: Preprocessing Error: Illegal Format: on string:"global BufferAdr(BuffLen*2*10)                      // PVT position buffers"
Including Project File: /var/ftp/usrflash/Project/PMAC Script Language/Kinematic Routines/CS3_2Jack.kin 
Including Project File: /var/ftp/usrflash/Project/PMAC Script Language/Libraries/subprog1.pmc 
Including Project File: /var/ftp/usrflash/Project/PMAC Script Language/Motion Programs/PROG10_CS_motion.pmc 
Including Project File: /var/ftp/usrflash/Project/PMAC Script Language/Motion Programs/trajectory_scan_code_ppmac.pmc 
Including Project File: /var/ftp/usrflash/Project/PMAC Script Language/PLC Programs/LabPLCs.plc 
Status: Pass 1 Create debug file, #defines, *.h & .sym files, Time (sec) = 0.250933
Status: Final pp_proj.h & Run Background C Apps, Time (sec) = 0.103297
Project Preprocessing & Load Total Time (sec) = 0.443976
[PMAC_PROJECT]
Start of Project Loading using INI File: "/var/ftp/usrflash/Project/Configuration/pp_proj.ini"
LoadRTUserCode() Delta Time (sec) = 0.092109
Including Project File: /var/ftp/usrflash/Project/Configuration/pp_disable.txt 
Including Project File: /var/ftp/usrflash/Project/PMAC Script Language/Global Includes/CS3_2Jack.pmh 
Including Project File: /var/ftp/usrflash/Project/PMAC Script Language/Global Includes/global definitions.pmh 
Including Project File: /var/ftp/usrflash/Project/PMAC Script Language/Global Includes/Motor 1.pmh 
Including Project File: /var/ftp/usrflash/Project/PMAC Script Language/Global Includes/Motor 2.pmh 
Including Project File: /var/ftp/usrflash/Project/PMAC Script Language/Global Includes/Motor 3.pmh 
Including Project File: /var/ftp/usrflash/Project/PMAC Script Language/Global Includes/Motor 4.pmh 
Including Project File: /var/ftp/usrflash/Project/PMAC Script Language/Global Includes/Motor 5.pmh 
Including Project File: /var/ftp/usrflash/Project/PMAC Script Language/Global Includes/Motor 6.pmh 
Including Project File: /var/ftp/usrflash/Project/PMAC Script Language/Global Includes/Motor 7.pmh 
Including Project File: /var/ftp/usrflash/Project/PMAC Script Language/Global Includes/Motor 8.pmh 
Including Project File: /var/ftp/usrflash/Project/PMAC Script Language/Global Includes/PLCS.pmh 
Including Project File: /var/ftp/usrflash/Project/PMAC Script Language/Global Includes/trajectory_scan_definitions_ppmac.pmh 
/var/ftp/usrflash/Project/PMAC Script Language/Global Includes/trajectory_scan_definitions_ppmac.pmh:23:1: Preprocessing Error: Illegal Format: on string:"global BufferAdr(pointsBuffLen)                      // PVT position buffers"
Including Project File: /var/ftp/usrflash/Project/PMAC Script Language/Kinematic Routines/CS3_2Jack.kin 
Including Project File: /var/ftp/usrflash/Project/PMAC Script Language/Libraries/subprog1.pmc 
Including Project File: /var/ftp/usrflash/Project/PMAC Script Language/Motion Programs/PROG10_CS_motion.pmc 
Including Project File: /var/ftp/usrflash/Project/PMAC Script Language/Motion Programs/trajectory_scan_code_ppmac.pmc 
Including Project File: /var/ftp/usrflash/Project/PMAC Script Language/PLC Programs/LabPLCs.plc 
Status: Pass 1 Create debug file, #defines, *.h & .sym files, Time (sec) = 0.260630
Status: Final pp_proj.h & Run Background C Apps, Time (sec) = 0.094550
Project Preprocessing & Load Total Time (sec) = 0.448100
[PMAC_PROJECT]
Start of Project Loading using INI File: "/var/ftp/usrflash/Project/Configuration/pp_proj.ini"
LoadRTUserCode() Delta Time (sec) = 0.089368
Including Project File: /var/ftp/usrflash/Project/Configuration/pp_disable.txt 
Including Project File: /var/ftp/usrflash/Project/PMAC Script Language/Global Includes/CS3_2Jack.pmh 
Including Project File: /var/ftp/usrflash/Project/PMAC Script Language/Global Includes/global definitions.pmh 
Including Project File: /var/ftp/usrflash/Project/PMAC Script Language/Global Includes/Motor 1.pmh 
Including Project File: /var/ftp/usrflash/Project/PMAC Script Language/Global Includes/Motor 2.pmh 
Including Project File: /var/ftp/usrflash/Project/PMAC Script Language/Global Includes/Motor 3.pmh 
Including Project File: /var/ftp/usrflash/Project/PMAC Script Language/Global Includes/Motor 4.pmh 
Including Project File: /var/ftp/usrflash/Project/PMAC Script Language/Global Includes/Motor 5.pmh 
Including Project File: /var/ftp/usrflash/Project/PMAC Script Language/Global Includes/Motor 6.pmh 
Including Project File: /var/ftp/usrflash/Project/PMAC Script Language/Global Includes/Motor 7.pmh 
Including Project File: /var/ftp/usrflash/Project/PMAC Script Language/Global Includes/Motor 8.pmh 
Including Project File: /var/ftp/usrflash/Project/PMAC Script Language/Global Includes/PLCS.pmh 
Including Project File: /var/ftp/usrflash/Project/PMAC Script Language/Global Includes/trajectory_scan_definitions_ppmac.pmh 
Including Project File: /var/ftp/usrflash/Project/PMAC Script Language/Kinematic Routines/CS3_2Jack.kin 
Including Project File: /var/ftp/usrflash/Project/PMAC Script Language/Libraries/subprog1.pmc 
Including Project File: /var/ftp/usrflash/Project/PMAC Script Language/Motion Programs/PROG10_CS_motion.pmc 
Including Project File: /var/ftp/usrflash/Project/PMAC Script Language/Motion Programs/trajectory_scan_code_ppmac.pmc 
Including Project File: /var/ftp/usrflash/Project/PMAC Script Language/PLC Programs/LabPLCs.plc 
Including Project File: /var/ftp/usrflash/Project/Configuration/pp_startup.txt 
Status: Pass 1 Create debug file, #defines, *.h & .sym files, Time (sec) = 0.251816
Status: Pass 2 Verify prog calls, local stack & labels, Time (sec)  = 0.026628
96 Project Symbols were created for gpascii -2 communication
/var/ftp/usrflash/Project/PMAC Script Language/Global Includes/trajectory_scan_definitions_ppmac.pmh:80:2: error: invalid preprocessing directive #for
[PMAC_PROJECT]
Start of Project Loading using INI File: "/var/ftp/usrflash/Project/Configuration/pp_proj.ini"
LoadRTUserCode() Delta Time (sec) = 0.082782
Including Project File: /var/ftp/usrflash/Project/Configuration/pp_disable.txt 
Including Project File: /var/ftp/usrflash/Project/PMAC Script Language/Global Includes/CS3_2Jack.pmh 
Including Project File: /var/ftp/usrflash/Project/PMAC Script Language/Global Includes/global definitions.pmh 
Including Project File: /var/ftp/usrflash/Project/PMAC Script Language/Global Includes/Motor 1.pmh 
Including Project File: /var/ftp/usrflash/Project/PMAC Script Language/Global Includes/Motor 2.pmh 
Including Project File: /var/ftp/usrflash/Project/PMAC Script Language/Global Includes/Motor 3.pmh 
Including Project File: /var/ftp/usrflash/Project/PMAC Script Language/Global Includes/Motor 4.pmh 
Including Project File: /var/ftp/usrflash/Project/PMAC Script Language/Global Includes/Motor 5.pmh 
Including Project File: /var/ftp/usrflash/Project/PMAC Script Language/Global Includes/Motor 6.pmh 
Including Project File: /var/ftp/usrflash/Project/PMAC Script Language/Global Includes/Motor 7.pmh 
Including Project File: /var/ftp/usrflash/Project/PMAC Script Language/Global Includes/Motor 8.pmh 
Including Project File: /var/ftp/usrflash/Project/PMAC Script Language/Global Includes/PLCS.pmh 
Including Project File: /var/ftp/usrflash/Project/PMAC Script Language/Global Includes/trajectory_scan_definitions_ppmac.pmh 
Including Project File: /var/ftp/usrflash/Project/PMAC Script Language/Kinematic Routines/CS3_2Jack.kin 
Including Project File: /var/ftp/usrflash/Project/PMAC Script Language/Libraries/subprog1.pmc 
Including Project File: /var/ftp/usrflash/Project/PMAC Script Language/Motion Programs/PROG10_CS_motion.pmc 
Including Project File: /var/ftp/usrflash/Project/PMAC Script Language/Motion Programs/trajectory_scan_code_ppmac.pmc 
Including Project File: /var/ftp/usrflash/Project/PMAC Script Language/PLC Programs/LabPLCs.plc 
Including Project File: /var/ftp/usrflash/Project/Configuration/pp_startup.txt 
Status: Pass 1 Create debug file, #defines, *.h & .sym files, Time (sec) = 0.259687
Status: Pass 2 Verify prog calls, local stack & labels, Time (sec)  = 0.019792
96 Project Symbols were created for gpascii -2 communication
Status: Create PPMAC Symbol Table & Run CPP Time (sec) = 0.344454
Error: downloading preprocessed File: "/var/ftp/usrflash/Temp/pp_proj.pma"
Status: Download to PPMAC Command Processor, Time (sec) = 0.003671
Project Preprocessing & Load Total Time (sec) = 0.711757
[PMAC_PROJECT]
Start of Project Loading using INI File: "/var/ftp/usrflash/Project/Configuration/pp_proj.ini"
LoadRTUserCode() Delta Time (sec) = 0.081439
Including Project File: /var/ftp/usrflash/Project/Configuration/pp_disable.txt 
Including Project File: /var/ftp/usrflash/Project/PMAC Script Language/Global Includes/CS3_2Jack.pmh 
Including Project File: /var/ftp/usrflash/Project/PMAC Script Language/Global Includes/global definitions.pmh 
Including Project File: /var/ftp/usrflash/Project/PMAC Script Language/Global Includes/Motor 1.pmh 
Including Project File: /var/ftp/usrflash/Project/PMAC Script Language/Global Includes/Motor 2.pmh 
Including Project File: /var/ftp/usrflash/Project/PMAC Script Language/Global Includes/Motor 3.pmh 
Including Project File: /var/ftp/usrflash/Project/PMAC Script Language/Global Includes/Motor 4.pmh 
Including Project File: /var/ftp/usrflash/Project/PMAC Script Language/Global Includes/Motor 5.pmh 
Including Project File: /var/ftp/usrflash/Project/PMAC Script Language/Global Includes/Motor 6.pmh 
Including Project File: /var/ftp/usrflash/Project/PMAC Script Language/Global Includes/Motor 7.pmh 
Including Project File: /var/ftp/usrflash/Project/PMAC Script Language/Global Includes/Motor 8.pmh 
Including Project File: /var/ftp/usrflash/Project/PMAC Script Language/Global Includes/PLCS.pmh 
Including Project File: /var/ftp/usrflash/Project/PMAC Script Language/Global Includes/trajectory_scan_definitions_ppmac.pmh 
Including Project File: /var/ftp/usrflash/Project/PMAC Script Language/Kinematic Routines/CS3_2Jack.kin 
Including Project File: /var/ftp/usrflash/Project/PMAC Script Language/Libraries/subprog1.pmc 
Including Project File: /var/ftp/usrflash/Project/PMAC Script Language/Motion Programs/PROG10_CS_motion.pmc 
Including Project File: /var/ftp/usrflash/Project/PMAC Script Language/Motion Programs/trajectory_scan_code_ppmac.pmc 
Including Project File: /var/ftp/usrflash/Project/PMAC Script Language/PLC Programs/LabPLCs.plc 
Including Project File: /var/ftp/usrflash/Project/Configuration/pp_startup.txt 
Status: Pass 1 Create debug file, #defines, *.h & .sym files, Time (sec) = 0.261410
Status: Pass 2 Verify prog calls, local stack & labels, Time (sec)  = 0.018412
96 Project Symbols were created for gpascii -2 communication
Status: Create PPMAC Symbol Table & Run CPP Time (sec) = 0.354335
Error: downloading preprocessed File: "/var/ftp/usrflash/Temp/pp_proj.pma"
Status: Download to PPMAC Command Processor, Time (sec) = 0.007098
Project Preprocessing & Load Total Time (sec) = 0.724527
[PMAC_PROJECT]
Start of Project Loading using INI File: "/var/ftp/usrflash/Project/Configuration/pp_proj.ini"
LoadRTUserCode() Delta Time (sec) = 0.091423
Including Project File: /var/ftp/usrflash/Project/Configuration/pp_disable.txt 
Including Project File: /var/ftp/usrflash/Project/PMAC Script Language/Global Includes/CS3_2Jack.pmh 
Including Project File: /var/ftp/usrflash/Project/PMAC Script Language/Global Includes/global definitions.pmh 
Including Project File: /var/ftp/usrflash/Project/PMAC Script Language/Global Includes/Motor 1.pmh 
Including Project File: /var/ftp/usrflash/Project/PMAC Script Language/Global Includes/Motor 2.pmh 
Including Project File: /var/ftp/usrflash/Project/PMAC Script Language/Global Includes/Motor 3.pmh 
Including Project File: /var/ftp/usrflash/Project/PMAC Script Language/Global Includes/Motor 4.pmh 
Including Project File: /var/ftp/usrflash/Project/PMAC Script Language/Global Includes/Motor 5.pmh 
Including Project File: /var/ftp/usrflash/Project/PMAC Script Language/Global Includes/Motor 6.pmh 
Including Project File: /var/ftp/usrflash/Project/PMAC Script Language/Global Includes/Motor 7.pmh 
Including Project File: /var/ftp/usrflash/Project/PMAC Script Language/Global Includes/Motor 8.pmh 
Including Project File: /var/ftp/usrflash/Project/PMAC Script Language/Global Includes/PLCS.pmh 
Including Project File: /var/ftp/usrflash/Project/PMAC Script Language/Global Includes/trajectory_scan_definitions_ppmac.pmh 
Including Project File: /var/ftp/usrflash/Project/PMAC Script Language/Kinematic Routines/CS3_2Jack.kin 
Including Project File: /var/ftp/usrflash/Project/PMAC Script Language/Libraries/subprog1.pmc 
Including Project File: /var/ftp/usrflash/Project/PMAC Script Language/Motion Programs/PROG10_CS_motion.pmc 
Including Project File: /var/ftp/usrflash/Project/PMAC Script Language/Motion Programs/trajectory_scan_code_ppmac.pmc 
Including Project File: /var/ftp/usrflash/Project/PMAC Script Language/PLC Programs/LabPLCs.plc 
Including Project File: /var/ftp/usrflash/Project/Configuration/pp_startup.txt 
Status: Pass 1 Create debug file, #defines, *.h & .sym files, Time (sec) = 0.253711
Status: Pass 2 Verify prog calls, local stack & labels, Time (sec)  = 0.018279
96 Project Symbols were created for gpascii -2 communication
Status: Create PPMAC Symbol Table & Run CPP Time (sec) = 0.354558
Error: downloading preprocessed File: "/var/ftp/usrflash/Temp/pp_proj.pma"
Status: Download to PPMAC Command Processor, Time (sec) = 0.004552
Project Preprocessing & Load Total Time (sec) = 0.724370
[PMAC_PROJECT]
Start of Project Loading using INI File: "/var/ftp/usrflash/Project/Configuration/pp_proj.ini"
LoadRTUserCode() Delta Time (sec) = 0.089736
Including Project File: /var/ftp/usrflash/Project/Configuration/pp_disable.txt 
Including Project File: /var/ftp/usrflash/Project/PMAC Script Language/Global Includes/CS3_2Jack.pmh 
Including Project File: /var/ftp/usrflash/Project/PMAC Script Language/Global Includes/global definitions.pmh 
Including Project File: /var/ftp/usrflash/Project/PMAC Script Language/Global Includes/Motor 1.pmh 
Including Project File: /var/ftp/usrflash/Project/PMAC Script Language/Global Includes/Motor 2.pmh 
Including Project File: /var/ftp/usrflash/Project/PMAC Script Language/Global Includes/Motor 3.pmh 
Including Project File: /var/ftp/usrflash/Project/PMAC Script Language/Global Includes/Motor 4.pmh 
Including Project File: /var/ftp/usrflash/Project/PMAC Script Language/Global Includes/Motor 5.pmh 
Including Project File: /var/ftp/usrflash/Project/PMAC Script Language/Global Includes/Motor 6.pmh 
Including Project File: /var/ftp/usrflash/Project/PMAC Script Language/Global Includes/Motor 7.pmh 
Including Project File: /var/ftp/usrflash/Project/PMAC Script Language/Global Includes/Motor 8.pmh 
Including Project File: /var/ftp/usrflash/Project/PMAC Script Language/Global Includes/PLCS.pmh 
Including Project File: /var/ftp/usrflash/Project/PMAC Script Language/Global Includes/trajectory_scan_definitions_ppmac.pmh 
Including Project File: /var/ftp/usrflash/Project/PMAC Script Language/Kinematic Routines/CS3_2Jack.kin 
Including Project File: /var/ftp/usrflash/Project/PMAC Script Language/Libraries/subprog1.pmc 
Including Project File: /var/ftp/usrflash/Project/PMAC Script Language/Motion Programs/PROG10_CS_motion.pmc 
Including Project File: /var/ftp/usrflash/Project/PMAC Script Language/Motion Programs/trajectory_scan_code_ppmac.pmc 
Including Project File: /var/ftp/usrflash/Project/PMAC Script Language/PLC Programs/LabPLCs.plc 
Including Project File: /var/ftp/usrflash/Project/Configuration/pp_startup.txt 
Status: Pass 1 Create debug file, #defines, *.h & .sym files, Time (sec) = 0.262442
Status: Pass 2 Verify prog calls, local stack & labels, Time (sec)  = 0.018220
91 Project Symbols were created for gpascii -2 communication
Status: Create PPMAC Symbol Table & Run CPP Time (sec) = 0.351182
Error: downloading preprocessed File: "/var/ftp/usrflash/Temp/pp_proj.pma"
Status: Download to PPMAC Command Processor, Time (sec) = 0.004402
Project Preprocessing & Load Total Time (sec) = 0.727828
[PMAC_PROJECT]
Start of Project Loading using INI File: "/var/ftp/usrflash/Project/Configuration/pp_proj.ini"
LoadRTUserCode() Delta Time (sec) = 0.089797
Including Project File: /var/ftp/usrflash/Project/Configuration/pp_disable.txt 
Including Project File: /var/ftp/usrflash/Project/PMAC Script Language/Global Includes/CS3_2Jack.pmh 
Including Project File: /var/ftp/usrflash/Project/PMAC Script Language/Global Includes/global definitions.pmh 
Including Project File: /var/ftp/usrflash/Project/PMAC Script Language/Global Includes/Motor 1.pmh 
Including Project File: /var/ftp/usrflash/Project/PMAC Script Language/Global Includes/Motor 2.pmh 
Including Project File: /var/ftp/usrflash/Project/PMAC Script Language/Global Includes/Motor 3.pmh 
Including Project File: /var/ftp/usrflash/Project/PMAC Script Language/Global Includes/Motor 4.pmh 
Including Project File: /var/ftp/usrflash/Project/PMAC Script Language/Global Includes/Motor 5.pmh 
Including Project File: /var/ftp/usrflash/Project/PMAC Script Language/Global Includes/Motor 6.pmh 
Including Project File: /var/ftp/usrflash/Project/PMAC Script Language/Global Includes/Motor 7.pmh 
Including Project File: /var/ftp/usrflash/Project/PMAC Script Language/Global Includes/Motor 8.pmh 
Including Project File: /var/ftp/usrflash/Project/PMAC Script Language/Global Includes/PLCS.pmh 
Including Project File: /var/ftp/usrflash/Project/PMAC Script Language/Global Includes/trajectory_scan_definitions_ppmac.pmh 
Including Project File: /var/ftp/usrflash/Project/PMAC Script Language/Kinematic Routines/CS3_2Jack.kin 
Including Project File: /var/ftp/usrflash/Project/PMAC Script Language/Libraries/subprog1.pmc 
Including Project File: /var/ftp/usrflash/Project/PMAC Script Language/Motion Programs/PROG10_CS_motion.pmc 
Including Project File: /var/ftp/usrflash/Project/PMAC Script Language/Motion Programs/trajectory_scan_code_ppmac.pmc 
Including Project File: /var/ftp/usrflash/Project/PMAC Script Language/PLC Programs/LabPLCs.plc 
Including Project File: /var/ftp/usrflash/Project/Configuration/pp_startup.txt 
Status: Pass 1 Create debug file, #defines, *.h & .sym files, Time (sec) = 0.262072
Status: Pass 2 Verify prog calls, local stack & labels, Time (sec)  = 0.018555
91 Project Symbols were created for gpascii -2 communication
Status: Create PPMAC Symbol Table & Run CPP Time (sec) = 0.344465
Error: downloading preprocessed File: "/var/ftp/usrflash/Temp/pp_proj.pma"
Status: Download to PPMAC Command Processor, Time (sec) = 0.006223
Project Preprocessing & Load Total Time (sec) = 0.723121
[PMAC_PROJECT]
Start of Project Loading using INI File: "/var/ftp/usrflash/Project/Configuration/pp_proj.ini"
LoadRTUserCode() Delta Time (sec) = 0.089987
Including Project File: /var/ftp/usrflash/Project/Configuration/pp_disable.txt 
Including Project File: /var/ftp/usrflash/Project/PMAC Script Language/Global Includes/CS3_2Jack.pmh 
Including Project File: /var/ftp/usrflash/Project/PMAC Script Language/Global Includes/global definitions.pmh 
Including Project File: /var/ftp/usrflash/Project/PMAC Script Language/Global Includes/Motor 1.pmh 
Including Project File: /var/ftp/usrflash/Project/PMAC Script Language/Global Includes/Motor 2.pmh 
Including Project File: /var/ftp/usrflash/Project/PMAC Script Language/Global Includes/Motor 3.pmh 
Including Project File: /var/ftp/usrflash/Project/PMAC Script Language/Global Includes/Motor 4.pmh 
Including Project File: /var/ftp/usrflash/Project/PMAC Script Language/Global Includes/Motor 5.pmh 
Including Project File: /var/ftp/usrflash/Project/PMAC Script Language/Global Includes/Motor 6.pmh 
Including Project File: /var/ftp/usrflash/Project/PMAC Script Language/Global Includes/Motor 7.pmh 
Including Project File: /var/ftp/usrflash/Project/PMAC Script Language/Global Includes/Motor 8.pmh 
Including Project File: /var/ftp/usrflash/Project/PMAC Script Language/Global Includes/PLCS.pmh 
Including Project File: /var/ftp/usrflash/Project/PMAC Script Language/Global Includes/trajectory_scan_definitions_ppmac.pmh 
Including Project File: /var/ftp/usrflash/Project/PMAC Script Language/Kinematic Routines/CS3_2Jack.kin 
Including Project File: /var/ftp/usrflash/Project/PMAC Script Language/Libraries/subprog1.pmc 
Including Project File: /var/ftp/usrflash/Project/PMAC Script Language/Motion Programs/PROG10_CS_motion.pmc 
Including Project File: /var/ftp/usrflash/Project/PMAC Script Language/Motion Programs/trajectory_scan_code_ppmac.pmc 
Including Project File: /var/ftp/usrflash/Project/PMAC Script Language/PLC Programs/LabPLCs.plc 
Including Project File: /var/ftp/usrflash/Project/Configuration/pp_startup.txt 
Status: Pass 1 Create debug file, #defines, *.h & .sym files, Time (sec) = 0.271163
Status: Pass 2 Verify prog calls, local stack & labels, Time (sec)  = 0.019608
91 Project Symbols were created for gpascii -2 communication
Status: Create PPMAC Symbol Table & Run CPP Time (sec) = 0.346064
Error: downloading preprocessed File: "/var/ftp/usrflash/Temp/pp_proj.pma"
Status: Download to PPMAC Command Processor, Time (sec) = 0.006276
Project Preprocessing & Load Total Time (sec) = 0.734917
[PMAC_PROJECT]
Start of Project Loading using INI File: "/var/ftp/usrflash/Project/Configuration/pp_proj.ini"
LoadRTUserCode() Delta Time (sec) = 0.087663
Including Project File: /var/ftp/usrflash/Project/Configuration/pp_disable.txt 
Including Project File: /var/ftp/usrflash/Project/PMAC Script Language/Global Includes/CS3_2Jack.pmh 
Including Project File: /var/ftp/usrflash/Project/PMAC Script Language/Global Includes/global definitions.pmh 
Including Project File: /var/ftp/usrflash/Project/PMAC Script Language/Global Includes/Motor 1.pmh 
Including Project File: /var/ftp/usrflash/Project/PMAC Script Language/Global Includes/Motor 2.pmh 
Including Project File: /var/ftp/usrflash/Project/PMAC Script Language/Global Includes/Motor 3.pmh 
Including Project File: /var/ftp/usrflash/Project/PMAC Script Language/Global Includes/Motor 4.pmh 
Including Project File: /var/ftp/usrflash/Project/PMAC Script Language/Global Includes/Motor 5.pmh 
Including Project File: /var/ftp/usrflash/Project/PMAC Script Language/Global Includes/Motor 6.pmh 
Including Project File: /var/ftp/usrflash/Project/PMAC Script Language/Global Includes/Motor 7.pmh 
Including Project File: /var/ftp/usrflash/Project/PMAC Script Language/Global Includes/Motor 8.pmh 
Including Project File: /var/ftp/usrflash/Project/PMAC Script Language/Global Includes/PLCS.pmh 
Including Project File: /var/ftp/usrflash/Project/PMAC Script Language/Global Includes/trajectory_scan_definitions_ppmac.pmh 
Including Project File: /var/ftp/usrflash/Project/PMAC Script Language/Kinematic Routines/CS3_2Jack.kin 
Including Project File: /var/ftp/usrflash/Project/PMAC Script Language/Libraries/subprog1.pmc 
Including Project File: /var/ftp/usrflash/Project/PMAC Script Language/Motion Programs/PROG10_CS_motion.pmc 
Including Project File: /var/ftp/usrflash/Project/PMAC Script Language/Motion Programs/trajectory_scan_code_ppmac.pmc 
Including Project File: /var/ftp/usrflash/Project/PMAC Script Language/PLC Programs/LabPLCs.plc 
Including Project File: /var/ftp/usrflash/Project/Configuration/pp_startup.txt 
Status: Pass 1 Create debug file, #defines, *.h & .sym files, Time (sec) = 0.257426
Status: Pass 2 Verify prog calls, local stack & labels, Time (sec)  = 0.018743
91 Project Symbols were created for gpascii -2 communication
Status: Create PPMAC Symbol Table & Run CPP Time (sec) = 0.346077
Error: downloading preprocessed File: "/var/ftp/usrflash/Temp/pp_proj.pma"
Status: Download to PPMAC Command Processor, Time (sec) = 0.007910
Project Preprocessing & Load Total Time (sec) = 0.719712
[PMAC_PROJECT]
Start of Project Loading using INI File: "/var/ftp/usrflash/Project/Configuration/pp_proj.ini"
LoadRTUserCode() Delta Time (sec) = 0.089248
Including Project File: /var/ftp/usrflash/Project/Configuration/pp_disable.txt 
Including Project File: /var/ftp/usrflash/Project/PMAC Script Language/Global Includes/CS3_2Jack.pmh 
Including Project File: /var/ftp/usrflash/Project/PMAC Script Language/Global Includes/global definitions.pmh 
Including Project File: /var/ftp/usrflash/Project/PMAC Script Language/Global Includes/Motor 1.pmh 
Including Project File: /var/ftp/usrflash/Project/PMAC Script Language/Global Includes/Motor 2.pmh 
Including Project File: /var/ftp/usrflash/Project/PMAC Script Language/Global Includes/Motor 3.pmh 
Including Project File: /var/ftp/usrflash/Project/PMAC Script Language/Global Includes/Motor 4.pmh 
Including Project File: /var/ftp/usrflash/Project/PMAC Script Language/Global Includes/Motor 5.pmh 
Including Project File: /var/ftp/usrflash/Project/PMAC Script Language/Global Includes/Motor 6.pmh 
Including Project File: /var/ftp/usrflash/Project/PMAC Script Language/Global Includes/Motor 7.pmh 
Including Project File: /var/ftp/usrflash/Project/PMAC Script Language/Global Includes/Motor 8.pmh 
Including Project File: /var/ftp/usrflash/Project/PMAC Script Language/Global Includes/PLCS.pmh 
Including Project File: /var/ftp/usrflash/Project/PMAC Script Language/Global Includes/trajectory_scan_definitions_ppmac.pmh 
Including Project File: /var/ftp/usrflash/Project/PMAC Script Language/Kinematic Routines/CS3_2Jack.kin 
Including Project File: /var/ftp/usrflash/Project/PMAC Script Language/Libraries/subprog1.pmc 
Including Project File: /var/ftp/usrflash/Project/PMAC Script Language/Motion Programs/PROG10_CS_motion.pmc 
Including Project File: /var/ftp/usrflash/Project/PMAC Script Language/Motion Programs/trajectory_scan_code_ppmac.pmc 
Including Project File: /var/ftp/usrflash/Project/PMAC Script Language/PLC Programs/LabPLCs.plc 
Including Project File: /var/ftp/usrflash/Project/Configuration/pp_startup.txt 
Status: Pass 1 Create debug file, #defines, *.h & .sym files, Time (sec) = 0.270476
Status: Pass 2 Verify prog calls, local stack & labels, Time (sec)  = 0.018189
92 Project Symbols were created for gpascii -2 communication
Status: Create PPMAC Symbol Table & Run CPP Time (sec) = 0.348727
Error: downloading preprocessed File: "/var/ftp/usrflash/Temp/pp_proj.pma"
Status: Download to PPMAC Command Processor, Time (sec) = 0.004863
Project Preprocessing & Load Total Time (sec) = 0.733224
[PMAC_PROJECT]
Start of Project Loading using INI File: "/var/ftp/usrflash/Project/Configuration/pp_proj.ini"
Including Project File: /var/ftp/usrflash/Project/Configuration/pp_disable.txt 
Including Project File: /var/ftp/usrflash/Project/PMAC Script Language/Global Includes/CS3_2Jack.pmh 
Including Project File: /var/ftp/usrflash/Project/PMAC Script Language/Global Includes/global definitions.pmh 
Including Project File: /var/ftp/usrflash/Project/PMAC Script Language/Global Includes/Motor 1.pmh 
Including Project File: /var/ftp/usrflash/Project/PMAC Script Language/Global Includes/Motor 2.pmh 
Including Project File: /var/ftp/usrflash/Project/PMAC Script Language/Global Includes/Motor 3.pmh 
Including Project File: /var/ftp/usrflash/Project/PMAC Script Language/Global Includes/Motor 4.pmh 
Including Project File: /var/ftp/usrflash/Project/PMAC Script Language/Global Includes/Motor 5.pmh 
Including Project File: /var/ftp/usrflash/Project/PMAC Script Language/Global Includes/Motor 6.pmh 
Including Project File: /var/ftp/usrflash/Project/PMAC Script Language/Global Includes/Motor 7.pmh 
Including Project File: /var/ftp/usrflash/Project/PMAC Script Language/Global Includes/Motor 8.pmh 
Including Project File: /var/ftp/usrflash/Project/PMAC Script Language/Global Includes/PLCS.pmh 
Including Project File: /var/ftp/usrflash/Project/PMAC Script Language/Global Includes/trajectory_scan_definitions_ppmac.pmh 
Including Project File: /var/ftp/usrflash/Project/PMAC Script Language/Kinematic Routines/CS3_2Jack.kin 
Including Project File: /var/ftp/usrflash/Project/PMAC Script Language/Libraries/subprog1.pmc 
Including Project File: /var/ftp/usrflash/Project/PMAC Script Language/Motion Programs/PROG10_CS_motion.pmc 
Including Project File: /var/ftp/usrflash/Project/PMAC Script Language/Motion Programs/trajectory_scan_code_ppmac.pmc 
Including Project File: /var/ftp/usrflash/Project/PMAC Script Language/PLC Programs/LabPLCs.plc 
Including Project File: /var/ftp/usrflash/Project/Configuration/pp_startup.txt 
[PMAC_PROJECT]
Start of Project Loading using INI File: "/var/ftp/usrflash/Project/Configuration/pp_proj.ini"
LoadRTUserCode() Delta Time (sec) = 0.092913
Including Project File: /var/ftp/usrflash/Project/Configuration/pp_disable.txt 
Including Project File: /var/ftp/usrflash/Project/PMAC Script Language/Global Includes/CS3_2Jack.pmh 
Including Project File: /var/ftp/usrflash/Project/PMAC Script Language/Global Includes/global definitions.pmh 
Including Project File: /var/ftp/usrflash/Project/PMAC Script Language/Global Includes/Motor 1.pmh 
Including Project File: /var/ftp/usrflash/Project/PMAC Script Language/Global Includes/Motor 2.pmh 
Including Project File: /var/ftp/usrflash/Project/PMAC Script Language/Global Includes/Motor 3.pmh 
Including Project File: /var/ftp/usrflash/Project/PMAC Script Language/Global Includes/Motor 4.pmh 
Including Project File: /var/ftp/usrflash/Project/PMAC Script Language/Global Includes/Motor 5.pmh 
Including Project File: /var/ftp/usrflash/Project/PMAC Script Language/Global Includes/Motor 6.pmh 
Including Project File: /var/ftp/usrflash/Project/PMAC Script Language/Global Includes/Motor 7.pmh 
Including Project File: /var/ftp/usrflash/Project/PMAC Script Language/Global Includes/Motor 8.pmh 
Including Project File: /var/ftp/usrflash/Project/PMAC Script Language/Global Includes/PLCS.pmh 
Including Project File: /var/ftp/usrflash/Project/PMAC Script Language/Global Includes/trajectory_scan_definitions_ppmac.pmh 
Including Project File: /var/ftp/usrflash/Project/PMAC Script Language/Kinematic Routines/CS3_2Jack.kin 
Including Project File: /var/ftp/usrflash/Project/PMAC Script Language/Libraries/subprog1.pmc 
Including Project File: /var/ftp/usrflash/Project/PMAC Script Language/Motion Programs/PROG10_CS_motion.pmc 
Including Project File: /var/ftp/usrflash/Project/PMAC Script Language/Motion Programs/trajectory_scan_code_ppmac.pmc 
Including Project File: /var/ftp/usrflash/Project/PMAC Script Language/PLC Programs/LabPLCs.plc 
Including Project File: /var/ftp/usrflash/Project/Configuration/pp_startup.txt 
Status: Pass 1 Create debug file, #defines, *.h & .sym files, Time (sec) = 0.254729
Status: Pass 2 Verify prog calls, local stack & labels, Time (sec)  = 0.019978
92 Project Symbols were created for gpascii -2 communication
Status: Create PPMAC Symbol Table & Run CPP Time (sec) = 0.344876
Error: downloading preprocessed File: "/var/ftp/usrflash/Temp/pp_proj.pma"
Status: Download to PPMAC Command Processor, Time (sec) = 0.004926
Project Preprocessing & Load Total Time (sec) = 0.719139
[PMAC_PROJECT]
Start of Project Loading using INI File: "/var/ftp/usrflash/Project/Configuration/pp_proj.ini"
LoadRTUserCode() Delta Time (sec) = 0.090992
Including Project File: /var/ftp/usrflash/Project/Configuration/pp_disable.txt 
Including Project File: /var/ftp/usrflash/Project/PMAC Script Language/Global Includes/CS3_2Jack.pmh 
Including Project File: /var/ftp/usrflash/Project/PMAC Script Language/Global Includes/global definitions.pmh 
Including Project File: /var/ftp/usrflash/Project/PMAC Script Language/Global Includes/Motor 1.pmh 
Including Project File: /var/ftp/usrflash/Project/PMAC Script Language/Global Includes/Motor 2.pmh 
Including Project File: /var/ftp/usrflash/Project/PMAC Script Language/Global Includes/Motor 3.pmh 
Including Project File: /var/ftp/usrflash/Project/PMAC Script Language/Global Includes/Motor 4.pmh 
Including Project File: /var/ftp/usrflash/Project/PMAC Script Language/Global Includes/Motor 5.pmh 
Including Project File: /var/ftp/usrflash/Project/PMAC Script Language/Global Includes/Motor 6.pmh 
Including Project File: /var/ftp/usrflash/Project/PMAC Script Language/Global Includes/Motor 7.pmh 
Including Project File: /var/ftp/usrflash/Project/PMAC Script Language/Global Includes/Motor 8.pmh 
Including Project File: /var/ftp/usrflash/Project/PMAC Script Language/Global Includes/PLCS.pmh 
Including Project File: /var/ftp/usrflash/Project/PMAC Script Language/Global Includes/trajectory_scan_definitions_ppmac.pmh 
Including Project File: /var/ftp/usrflash/Project/PMAC Script Language/Kinematic Routines/CS3_2Jack.kin 
Including Project File: /var/ftp/usrflash/Project/PMAC Script Language/Libraries/subprog1.pmc 
Including Project File: /var/ftp/usrflash/Project/PMAC Script Language/Motion Programs/PROG10_CS_motion.pmc 
Including Project File: /var/ftp/usrflash/Project/PMAC Script Language/Motion Programs/trajectory_scan_code_ppmac.pmc 
/var/ftp/usrflash/Project/PMAC Script Language/Motion Programs/trajectory_scan_code_ppmac.pmc:337:1: Preprocessing Error: Missing Close: on string:""
Status: Pass 1 Create debug file, #defines, *.h & .sym files, Time (sec) = 0.259080
Status: Final pp_proj.h & Run Background C Apps, Time (sec) = 0.092554
Project Preprocessing & Load Total Time (sec) = 0.447318
[PMAC_PROJECT]
Start of Project Loading using INI File: "/var/ftp/usrflash/Project/Configuration/pp_proj.ini"
LoadRTUserCode() Delta Time (sec) = 0.089839
Including Project File: /var/ftp/usrflash/Project/Configuration/pp_disable.txt 
Including Project File: /var/ftp/usrflash/Project/PMAC Script Language/Global Includes/CS3_2Jack.pmh 
Including Project File: /var/ftp/usrflash/Project/PMAC Script Language/Global Includes/global definitions.pmh 
Including Project File: /var/ftp/usrflash/Project/PMAC Script Language/Global Includes/Motor 1.pmh 
Including Project File: /var/ftp/usrflash/Project/PMAC Script Language/Global Includes/Motor 2.pmh 
Including Project File: /var/ftp/usrflash/Project/PMAC Script Language/Global Includes/Motor 3.pmh 
Including Project File: /var/ftp/usrflash/Project/PMAC Script Language/Global Includes/Motor 4.pmh 
Including Project File: /var/ftp/usrflash/Project/PMAC Script Language/Global Includes/Motor 5.pmh 
Including Project File: /var/ftp/usrflash/Project/PMAC Script Language/Global Includes/Motor 6.pmh 
Including Project File: /var/ftp/usrflash/Project/PMAC Script Language/Global Includes/Motor 7.pmh 
Including Project File: /var/ftp/usrflash/Project/PMAC Script Language/Global Includes/Motor 8.pmh 
Including Project File: /var/ftp/usrflash/Project/PMAC Script Language/Global Includes/PLCS.pmh 
Including Project File: /var/ftp/usrflash/Project/PMAC Script Language/Global Includes/trajectory_scan_definitions_ppmac.pmh 
Including Project File: /var/ftp/usrflash/Project/PMAC Script Language/Kinematic Routines/CS3_2Jack.kin 
Including Project File: /var/ftp/usrflash/Project/PMAC Script Language/Libraries/subprog1.pmc 
Including Project File: /var/ftp/usrflash/Project/PMAC Script Language/Motion Programs/PROG10_CS_motion.pmc 
Including Project File: /var/ftp/usrflash/Project/PMAC Script Language/Motion Programs/trajectory_scan_code_ppmac.pmc 
Including Project File: /var/ftp/usrflash/Project/PMAC Script Language/PLC Programs/LabPLCs.plc 
Including Project File: /var/ftp/usrflash/Project/Configuration/pp_startup.txt 
Status: Pass 1 Create debug file, #defines, *.h & .sym files, Time (sec) = 0.256280
Status: Pass 2 Verify prog calls, local stack & labels, Time (sec)  = 0.033592
92 Project Symbols were created for gpascii -2 communication
Status: Create PPMAC Symbol Table & Run CPP Time (sec) = 0.345328
Error: downloading preprocessed File: "/var/ftp/usrflash/Temp/pp_proj.pma"
Status: Download to PPMAC Command Processor, Time (sec) = 0.008207
Project Preprocessing & Load Total Time (sec) = 0.735135
[PMAC_PROJECT]
Start of Project Loading using INI File: "/var/ftp/usrflash/Project/Configuration/pp_proj.ini"
LoadRTUserCode() Delta Time (sec) = 0.089652
Including Project File: /var/ftp/usrflash/Project/Configuration/pp_disable.txt 
Including Project File: /var/ftp/usrflash/Project/PMAC Script Language/Global Includes/CS3_2Jack.pmh 
Including Project File: /var/ftp/usrflash/Project/PMAC Script Language/Global Includes/global definitions.pmh 
Including Project File: /var/ftp/usrflash/Project/PMAC Script Language/Global Includes/Motor 1.pmh 
Including Project File: /var/ftp/usrflash/Project/PMAC Script Language/Global Includes/Motor 2.pmh 
Including Project File: /var/ftp/usrflash/Project/PMAC Script Language/Global Includes/Motor 3.pmh 
Including Project File: /var/ftp/usrflash/Project/PMAC Script Language/Global Includes/Motor 4.pmh 
Including Project File: /var/ftp/usrflash/Project/PMAC Script Language/Global Includes/Motor 5.pmh 
Including Project File: /var/ftp/usrflash/Project/PMAC Script Language/Global Includes/Motor 6.pmh 
Including Project File: /var/ftp/usrflash/Project/PMAC Script Language/Global Includes/Motor 7.pmh 
Including Project File: /var/ftp/usrflash/Project/PMAC Script Language/Global Includes/Motor 8.pmh 
Including Project File: /var/ftp/usrflash/Project/PMAC Script Language/Global Includes/PLCS.pmh 
Including Project File: /var/ftp/usrflash/Project/PMAC Script Language/Global Includes/trajectory_scan_definitions_ppmac.pmh 
Including Project File: /var/ftp/usrflash/Project/PMAC Script Language/Kinematic Routines/CS3_2Jack.kin 
Including Project File: /var/ftp/usrflash/Project/PMAC Script Language/Libraries/subprog1.pmc 
Including Project File: /var/ftp/usrflash/Project/PMAC Script Language/Motion Programs/PROG10_CS_motion.pmc 
Including Project File: /var/ftp/usrflash/Project/PMAC Script Language/Motion Programs/trajectory_scan_code_ppmac.pmc 
/var/ftp/usrflash/Project/PMAC Script Language/Motion Programs/trajectory_scan_code_ppmac.pmc:335:1: Preprocessing Error: Missing Close: on string:""
Status: Pass 1 Create debug file, #defines, *.h & .sym files, Time (sec) = 0.253325
Status: Final pp_proj.h & Run Background C Apps, Time (sec) = 0.101451
Project Preprocessing & Load Total Time (sec) = 0.444967
[PMAC_PROJECT]
Start of Project Loading using INI File: "/var/ftp/usrflash/Project/Configuration/pp_proj.ini"
LoadRTUserCode() Delta Time (sec) = 0.088106
Including Project File: /var/ftp/usrflash/Project/Configuration/pp_disable.txt 
Including Project File: /var/ftp/usrflash/Project/PMAC Script Language/Global Includes/CS3_2Jack.pmh 
Including Project File: /var/ftp/usrflash/Project/PMAC Script Language/Global Includes/global definitions.pmh 
Including Project File: /var/ftp/usrflash/Project/PMAC Script Language/Global Includes/Motor 1.pmh 
Including Project File: /var/ftp/usrflash/Project/PMAC Script Language/Global Includes/Motor 2.pmh 
Including Project File: /var/ftp/usrflash/Project/PMAC Script Language/Global Includes/Motor 3.pmh 
Including Project File: /var/ftp/usrflash/Project/PMAC Script Language/Global Includes/Motor 4.pmh 
Including Project File: /var/ftp/usrflash/Project/PMAC Script Language/Global Includes/Motor 5.pmh 
Including Project File: /var/ftp/usrflash/Project/PMAC Script Language/Global Includes/Motor 6.pmh 
Including Project File: /var/ftp/usrflash/Project/PMAC Script Language/Global Includes/Motor 7.pmh 
Including Project File: /var/ftp/usrflash/Project/PMAC Script Language/Global Includes/Motor 8.pmh 
Including Project File: /var/ftp/usrflash/Project/PMAC Script Language/Global Includes/PLCS.pmh 
Including Project File: /var/ftp/usrflash/Project/PMAC Script Language/Global Includes/trajectory_scan_definitions_ppmac.pmh 
Including Project File: /var/ftp/usrflash/Project/PMAC Script Language/Kinematic Routines/CS3_2Jack.kin 
Including Project File: /var/ftp/usrflash/Project/PMAC Script Language/Libraries/subprog1.pmc 
Including Project File: /var/ftp/usrflash/Project/PMAC Script Language/Motion Programs/PROG10_CS_motion.pmc 
Including Project File: /var/ftp/usrflash/Project/PMAC Script Language/Motion Programs/trajectory_scan_code_ppmac.pmc 
Including Project File: /var/ftp/usrflash/Project/PMAC Script Language/PLC Programs/LabPLCs.plc 
Including Project File: /var/ftp/usrflash/Project/Configuration/pp_startup.txt 
Status: Pass 1 Create debug file, #defines, *.h & .sym files, Time (sec) = 0.256236
Status: Pass 2 Verify prog calls, local stack & labels, Time (sec)  = 0.024955
92 Project Symbols were created for gpascii -2 communication
Status: Create PPMAC Symbol Table & Run CPP Time (sec) = 0.348941
Error: downloading preprocessed File: "/var/ftp/usrflash/Temp/pp_proj.pma"
Status: Download to PPMAC Command Processor, Time (sec) = 0.005115
Project Preprocessing & Load Total Time (sec) = 0.725151
[PMAC_PROJECT]
Start of Project Loading using INI File: "/var/ftp/usrflash/Project/Configuration/pp_proj.ini"
LoadRTUserCode() Delta Time (sec) = 0.090260
Including Project File: /var/ftp/usrflash/Project/Configuration/pp_disable.txt 
Including Project File: /var/ftp/usrflash/Project/PMAC Script Language/Global Includes/CS3_2Jack.pmh 
Including Project File: /var/ftp/usrflash/Project/PMAC Script Language/Global Includes/global definitions.pmh 
Including Project File: /var/ftp/usrflash/Project/PMAC Script Language/Global Includes/Motor 1.pmh 
Including Project File: /var/ftp/usrflash/Project/PMAC Script Language/Global Includes/Motor 2.pmh 
Including Project File: /var/ftp/usrflash/Project/PMAC Script Language/Global Includes/Motor 3.pmh 
Including Project File: /var/ftp/usrflash/Project/PMAC Script Language/Global Includes/Motor 4.pmh 
Including Project File: /var/ftp/usrflash/Project/PMAC Script Language/Global Includes/Motor 5.pmh 
Including Project File: /var/ftp/usrflash/Project/PMAC Script Language/Global Includes/Motor 6.pmh 
Including Project File: /var/ftp/usrflash/Project/PMAC Script Language/Global Includes/Motor 7.pmh 
Including Project File: /var/ftp/usrflash/Project/PMAC Script Language/Global Includes/Motor 8.pmh 
Including Project File: /var/ftp/usrflash/Project/PMAC Script Language/Global Includes/PLCS.pmh 
Including Project File: /var/ftp/usrflash/Project/PMAC Script Language/Global Includes/trajectory_scan_definitions_ppmac.pmh 
Including Project File: /var/ftp/usrflash/Project/PMAC Script Language/Kinematic Routines/CS3_2Jack.kin 
Including Project File: /var/ftp/usrflash/Project/PMAC Script Language/Libraries/subprog1.pmc 
Including Project File: /var/ftp/usrflash/Project/PMAC Script Language/Motion Programs/PROG10_CS_motion.pmc 
Including Project File: /var/ftp/usrflash/Project/PMAC Script Language/Motion Programs/trajectory_scan_code_ppmac.pmc 
Including Project File: /var/ftp/usrflash/Project/PMAC Script Language/PLC Programs/LabPLCs.plc 
Including Project File: /var/ftp/usrflash/Project/Configuration/pp_startup.txt 
Status: Pass 1 Create debug file, #defines, *.h & .sym files, Time (sec) = 0.256477
Status: Pass 2 Verify prog calls, local stack & labels, Time (sec)  = 0.020565
92 Project Symbols were created for gpascii -2 communication
Status: Create PPMAC Symbol Table & Run CPP Time (sec) = 0.348420
Error: downloading preprocessed File: "/var/ftp/usrflash/Temp/pp_proj.pma"
Status: Download to PPMAC Command Processor, Time (sec) = 0.006276
Project Preprocessing & Load Total Time (sec) = 0.725856
[PMAC_PROJECT]
Start of Project Loading using INI File: "/var/ftp/usrflash/Project/Configuration/pp_proj.ini"
LoadRTUserCode() Delta Time (sec) = 0.091550
Including Project File: /var/ftp/usrflash/Project/Configuration/pp_disable.txt 
Including Project File: /var/ftp/usrflash/Project/PMAC Script Language/Global Includes/CS3_2Jack.pmh 
Including Project File: /var/ftp/usrflash/Project/PMAC Script Language/Global Includes/global definitions.pmh 
Including Project File: /var/ftp/usrflash/Project/PMAC Script Language/Global Includes/Motor 1.pmh 
Including Project File: /var/ftp/usrflash/Project/PMAC Script Language/Global Includes/Motor 2.pmh 
Including Project File: /var/ftp/usrflash/Project/PMAC Script Language/Global Includes/Motor 3.pmh 
Including Project File: /var/ftp/usrflash/Project/PMAC Script Language/Global Includes/Motor 4.pmh 
Including Project File: /var/ftp/usrflash/Project/PMAC Script Language/Global Includes/Motor 5.pmh 
Including Project File: /var/ftp/usrflash/Project/PMAC Script Language/Global Includes/Motor 6.pmh 
Including Project File: /var/ftp/usrflash/Project/PMAC Script Language/Global Includes/Motor 7.pmh 
Including Project File: /var/ftp/usrflash/Project/PMAC Script Language/Global Includes/Motor 8.pmh 
Including Project File: /var/ftp/usrflash/Project/PMAC Script Language/Global Includes/PLCS.pmh 
Including Project File: /var/ftp/usrflash/Project/PMAC Script Language/Global Includes/trajectory_scan_definitions_ppmac.pmh 
Including Project File: /var/ftp/usrflash/Project/PMAC Script Language/Kinematic Routines/CS3_2Jack.kin 
Including Project File: /var/ftp/usrflash/Project/PMAC Script Language/Libraries/subprog1.pmc 
Including Project File: /var/ftp/usrflash/Project/PMAC Script Language/Motion Programs/PROG10_CS_motion.pmc 
Including Project File: /var/ftp/usrflash/Project/PMAC Script Language/Motion Programs/trajectory_scan_code_ppmac.pmc 
Including Project File: /var/ftp/usrflash/Project/PMAC Script Language/PLC Programs/LabPLCs.plc 
Including Project File: /var/ftp/usrflash/Project/Configuration/pp_startup.txt 
Status: Pass 1 Create debug file, #defines, *.h & .sym files, Time (sec) = 0.250054
Status: Pass 2 Verify prog calls, local stack & labels, Time (sec)  = 0.018534
92 Project Symbols were created for gpascii -2 communication
Status: Create PPMAC Symbol Table & Run CPP Time (sec) = 0.357833
Error: downloading preprocessed File: "/var/ftp/usrflash/Temp/pp_proj.pma"
Status: Download to PPMAC Command Processor, Time (sec) = 0.006594
Project Preprocessing & Load Total Time (sec) = 0.726578
[PMAC_PROJECT]
Start of Project Loading using INI File: "/var/ftp/usrflash/Project/Configuration/pp_proj.ini"
LoadRTUserCode() Delta Time (sec) = 0.092153
Including Project File: /var/ftp/usrflash/Project/Configuration/pp_disable.txt 
Including Project File: /var/ftp/usrflash/Project/PMAC Script Language/Global Includes/CS3_2Jack.pmh 
Including Project File: /var/ftp/usrflash/Project/PMAC Script Language/Global Includes/global definitions.pmh 
Including Project File: /var/ftp/usrflash/Project/PMAC Script Language/Global Includes/Motor 1.pmh 
Including Project File: /var/ftp/usrflash/Project/PMAC Script Language/Global Includes/Motor 2.pmh 
Including Project File: /var/ftp/usrflash/Project/PMAC Script Language/Global Includes/Motor 3.pmh 
Including Project File: /var/ftp/usrflash/Project/PMAC Script Language/Global Includes/Motor 4.pmh 
Including Project File: /var/ftp/usrflash/Project/PMAC Script Language/Global Includes/Motor 5.pmh 
Including Project File: /var/ftp/usrflash/Project/PMAC Script Language/Global Includes/Motor 6.pmh 
Including Project File: /var/ftp/usrflash/Project/PMAC Script Language/Global Includes/Motor 7.pmh 
Including Project File: /var/ftp/usrflash/Project/PMAC Script Language/Global Includes/Motor 8.pmh 
Including Project File: /var/ftp/usrflash/Project/PMAC Script Language/Global Includes/PLCS.pmh 
Including Project File: /var/ftp/usrflash/Project/PMAC Script Language/Global Includes/trajectory_scan_definitions_ppmac.pmh 
Including Project File: /var/ftp/usrflash/Project/PMAC Script Language/Kinematic Routines/CS3_2Jack.kin 
Including Project File: /var/ftp/usrflash/Project/PMAC Script Language/Libraries/subprog1.pmc 
Including Project File: /var/ftp/usrflash/Project/PMAC Script Language/Motion Programs/PROG10_CS_motion.pmc 
Including Project File: /var/ftp/usrflash/Project/PMAC Script Language/Motion Programs/trajectory_scan_code_ppmac.pmc 
/var/ftp/usrflash/Project/PMAC Script Language/Motion Programs/trajectory_scan_code_ppmac.pmc:332:1: Preprocessing Error: Missing Close: on string:""
Status: Pass 1 Create debug file, #defines, *.h & .sym files, Time (sec) = 0.250052
Status: Final pp_proj.h & Run Background C Apps, Time (sec) = 0.102756
Project Preprocessing & Load Total Time (sec) = 0.445403
[PMAC_PROJECT]
Start of Project Loading using INI File: "/var/ftp/usrflash/Project/Configuration/pp_proj.ini"
LoadRTUserCode() Delta Time (sec) = 0.091021
Including Project File: /var/ftp/usrflash/Project/Configuration/pp_disable.txt 
Including Project File: /var/ftp/usrflash/Project/PMAC Script Language/Global Includes/CS3_2Jack.pmh 
Including Project File: /var/ftp/usrflash/Project/PMAC Script Language/Global Includes/global definitions.pmh 
Including Project File: /var/ftp/usrflash/Project/PMAC Script Language/Global Includes/Motor 1.pmh 
Including Project File: /var/ftp/usrflash/Project/PMAC Script Language/Global Includes/Motor 2.pmh 
Including Project File: /var/ftp/usrflash/Project/PMAC Script Language/Global Includes/Motor 3.pmh 
Including Project File: /var/ftp/usrflash/Project/PMAC Script Language/Global Includes/Motor 4.pmh 
Including Project File: /var/ftp/usrflash/Project/PMAC Script Language/Global Includes/Motor 5.pmh 
Including Project File: /var/ftp/usrflash/Project/PMAC Script Language/Global Includes/Motor 6.pmh 
Including Project File: /var/ftp/usrflash/Project/PMAC Script Language/Global Includes/Motor 7.pmh 
Including Project File: /var/ftp/usrflash/Project/PMAC Script Language/Global Includes/Motor 8.pmh 
Including Project File: /var/ftp/usrflash/Project/PMAC Script Language/Global Includes/PLCS.pmh 
Including Project File: /var/ftp/usrflash/Project/PMAC Script Language/Global Includes/trajectory_scan_definitions_ppmac.pmh 
Including Project File: /var/ftp/usrflash/Project/PMAC Script Language/Kinematic Routines/CS3_2Jack.kin 
Including Project File: /var/ftp/usrflash/Project/PMAC Script Language/Libraries/subprog1.pmc 
Including Project File: /var/ftp/usrflash/Project/PMAC Script Language/Motion Programs/PROG10_CS_motion.pmc 
Including Project File: /var/ftp/usrflash/Project/PMAC Script Language/Motion Programs/trajectory_scan_code_ppmac.pmc 
Including Project File: /var/ftp/usrflash/Project/PMAC Script Language/PLC Programs/LabPLCs.plc 
Including Project File: /var/ftp/usrflash/Project/Configuration/pp_startup.txt 
Status: Pass 1 Create debug file, #defines, *.h & .sym files, Time (sec) = 0.251826
Status: Pass 2 Verify prog calls, local stack & labels, Time (sec)  = 0.026214
92 Project Symbols were created for gpascii -2 communication
Status: Create PPMAC Symbol Table & Run CPP Time (sec) = 0.344791
Error: downloading preprocessed File: "/var/ftp/usrflash/Temp/pp_proj.pma"
Status: Download to PPMAC Command Processor, Time (sec) = 0.005082
Project Preprocessing & Load Total Time (sec) = 0.720828
[PMAC_PROJECT]
Start of Project Loading using INI File: "/var/ftp/usrflash/Project/Configuration/pp_proj.ini"
LoadRTUserCode() Delta Time (sec) = 0.085354
Including Project File: /var/ftp/usrflash/Project/Configuration/pp_disable.txt 
Including Project File: /var/ftp/usrflash/Project/PMAC Script Language/Global Includes/CS3_2Jack.pmh 
Including Project File: /var/ftp/usrflash/Project/PMAC Script Language/Global Includes/global definitions.pmh 
Including Project File: /var/ftp/usrflash/Project/PMAC Script Language/Global Includes/Motor 1.pmh 
Including Project File: /var/ftp/usrflash/Project/PMAC Script Language/Global Includes/Motor 2.pmh 
Including Project File: /var/ftp/usrflash/Project/PMAC Script Language/Global Includes/Motor 3.pmh 
Including Project File: /var/ftp/usrflash/Project/PMAC Script Language/Global Includes/Motor 4.pmh 
Including Project File: /var/ftp/usrflash/Project/PMAC Script Language/Global Includes/Motor 5.pmh 
Including Project File: /var/ftp/usrflash/Project/PMAC Script Language/Global Includes/Motor 6.pmh 
Including Project File: /var/ftp/usrflash/Project/PMAC Script Language/Global Includes/Motor 7.pmh 
Including Project File: /var/ftp/usrflash/Project/PMAC Script Language/Global Includes/Motor 8.pmh 
Including Project File: /var/ftp/usrflash/Project/PMAC Script Language/Global Includes/PLCS.pmh 
Including Project File: /var/ftp/usrflash/Project/PMAC Script Language/Global Includes/trajectory_scan_definitions_ppmac.pmh 
Including Project File: /var/ftp/usrflash/Project/PMAC Script Language/Kinematic Routines/CS3_2Jack.kin 
Including Project File: /var/ftp/usrflash/Project/PMAC Script Language/Libraries/subprog1.pmc 
Including Project File: /var/ftp/usrflash/Project/PMAC Script Language/Motion Programs/PROG10_CS_motion.pmc 
Including Project File: /var/ftp/usrflash/Project/PMAC Script Language/Motion Programs/trajectory_scan_code_ppmac.pmc 
Including Project File: /var/ftp/usrflash/Project/PMAC Script Language/PLC Programs/LabPLCs.plc 
Including Project File: /var/ftp/usrflash/Project/Configuration/pp_startup.txt 
Status: Pass 1 Create debug file, #defines, *.h & .sym files, Time (sec) = 0.235491
Status: Pass 2 Verify prog calls, local stack & labels, Time (sec)  = 0.017013
92 Project Symbols were created for gpascii -2 communication
Status: Create PPMAC Symbol Table & Run CPP Time (sec) = 0.324295
Error: downloading preprocessed File: "/var/ftp/usrflash/Temp/pp_proj.pma"
Status: Download to PPMAC Command Processor, Time (sec) = 0.004440
Project Preprocessing & Load Total Time (sec) = 0.668446
[PMAC_PROJECT]
Start of Project Loading using INI File: "/var/ftp/usrflash/Project/Configuration/pp_proj.ini"
LoadRTUserCode() Delta Time (sec) = 0.082988
Including Project File: /var/ftp/usrflash/Project/Configuration/pp_disable.txt 
Including Project File: /var/ftp/usrflash/Project/PMAC Script Language/Global Includes/CS3_2Jack.pmh 
Including Project File: /var/ftp/usrflash/Project/PMAC Script Language/Global Includes/global definitions.pmh 
Including Project File: /var/ftp/usrflash/Project/PMAC Script Language/Global Includes/Motor 1.pmh 
Including Project File: /var/ftp/usrflash/Project/PMAC Script Language/Global Includes/Motor 2.pmh 
Including Project File: /var/ftp/usrflash/Project/PMAC Script Language/Global Includes/Motor 3.pmh 
Including Project File: /var/ftp/usrflash/Project/PMAC Script Language/Global Includes/Motor 4.pmh 
Including Project File: /var/ftp/usrflash/Project/PMAC Script Language/Global Includes/Motor 5.pmh 
Including Project File: /var/ftp/usrflash/Project/PMAC Script Language/Global Includes/Motor 6.pmh 
Including Project File: /var/ftp/usrflash/Project/PMAC Script Language/Global Includes/Motor 7.pmh 
Including Project File: /var/ftp/usrflash/Project/PMAC Script Language/Global Includes/Motor 8.pmh 
Including Project File: /var/ftp/usrflash/Project/PMAC Script Language/Global Includes/PLCS.pmh 
Including Project File: /var/ftp/usrflash/Project/PMAC Script Language/Global Includes/trajectory_scan_definitions_ppmac.pmh 
Including Project File: /var/ftp/usrflash/Project/PMAC Script Language/Kinematic Routines/CS3_2Jack.kin 
Including Project File: /var/ftp/usrflash/Project/PMAC Script Language/Libraries/subprog1.pmc 
Including Project File: /var/ftp/usrflash/Project/PMAC Script Language/Motion Programs/PROG10_CS_motion.pmc 
Including Project File: /var/ftp/usrflash/Project/PMAC Script Language/Motion Programs/trajectory_scan_code_ppmac.pmc 
Including Project File: /var/ftp/usrflash/Project/PMAC Script Language/PLC Programs/LabPLCs.plc 
Including Project File: /var/ftp/usrflash/Project/Configuration/pp_startup.txt 
Status: Pass 1 Create debug file, #defines, *.h & .sym files, Time (sec) = 0.238549
Status: Pass 2 Verify prog calls, local stack & labels, Time (sec)  = 0.020073
92 Project Symbols were created for gpascii -2 communication
Status: Create PPMAC Symbol Table & Run CPP Time (sec) = 0.320962
Error: downloading preprocessed File: "/var/ftp/usrflash/Temp/pp_proj.pma"
Status: Download to PPMAC Command Processor, Time (sec) = 0.004900
Project Preprocessing & Load Total Time (sec) = 0.670914
[PMAC_PROJECT]
Start of Project Loading using INI File: "/var/ftp/usrflash/Project/Configuration/pp_proj.ini"
LoadRTUserCode() Delta Time (sec) = 0.085434
Including Project File: /var/ftp/usrflash/Project/Configuration/pp_disable.txt 
Including Project File: /var/ftp/usrflash/Project/PMAC Script Language/Global Includes/CS3_2Jack.pmh 
Including Project File: /var/ftp/usrflash/Project/PMAC Script Language/Global Includes/global definitions.pmh 
Including Project File: /var/ftp/usrflash/Project/PMAC Script Language/Global Includes/Motor 1.pmh 
Including Project File: /var/ftp/usrflash/Project/PMAC Script Language/Global Includes/Motor 2.pmh 
Including Project File: /var/ftp/usrflash/Project/PMAC Script Language/Global Includes/Motor 3.pmh 
Including Project File: /var/ftp/usrflash/Project/PMAC Script Language/Global Includes/Motor 4.pmh 
Including Project File: /var/ftp/usrflash/Project/PMAC Script Language/Global Includes/Motor 5.pmh 
Including Project File: /var/ftp/usrflash/Project/PMAC Script Language/Global Includes/Motor 6.pmh 
Including Project File: /var/ftp/usrflash/Project/PMAC Script Language/Global Includes/Motor 7.pmh 
Including Project File: /var/ftp/usrflash/Project/PMAC Script Language/Global Includes/Motor 8.pmh 
Including Project File: /var/ftp/usrflash/Project/PMAC Script Language/Global Includes/PLCS.pmh 
Including Project File: /var/ftp/usrflash/Project/PMAC Script Language/Global Includes/trajectory_scan_definitions_ppmac.pmh 
Including Project File: /var/ftp/usrflash/Project/PMAC Script Language/Kinematic Routines/CS3_2Jack.kin 
Including Project File: /var/ftp/usrflash/Project/PMAC Script Language/Libraries/subprog1.pmc 
Including Project File: /var/ftp/usrflash/Project/PMAC Script Language/Motion Programs/PROG10_CS_motion.pmc 
Including Project File: /var/ftp/usrflash/Project/PMAC Script Language/Motion Programs/trajectory_scan_code_ppmac.pmc 
Including Project File: /var/ftp/usrflash/Project/PMAC Script Language/PLC Programs/LabPLCs.plc 
Including Project File: /var/ftp/usrflash/Project/Configuration/pp_startup.txt 
Status: Pass 1 Create debug file, #defines, *.h & .sym files, Time (sec) = 0.235449
Status: Pass 2 Verify prog calls, local stack & labels, Time (sec)  = 0.016604
92 Project Symbols were created for gpascii -2 communication
Status: Create PPMAC Symbol Table & Run CPP Time (sec) = 0.323530
Status: Successful load of preprocessed File: "/var/ftp/usrflash/Temp/pp_proj.pma"
Status: Download to PPMAC Command Processor, Time (sec) = 0.003920
Status: Final pp_proj.h & Run Background C Apps, Time (sec) = 0.266402
Project Preprocessing & Load Total Time (sec) = 0.931904
[PMAC_PROJECT]
Start of Project Loading using INI File: "/var/ftp/usrflash/Project/Configuration/pp_proj.ini"
LoadRTUserCode() Delta Time (sec) = 0.085132
Including Project File: /var/ftp/usrflash/Project/Configuration/pp_disable.txt 
Including Project File: /var/ftp/usrflash/Project/PMAC Script Language/Global Includes/CS3_2Jack.pmh 
Including Project File: /var/ftp/usrflash/Project/PMAC Script Language/Global Includes/global definitions.pmh 
Including Project File: /var/ftp/usrflash/Project/PMAC Script Language/Global Includes/Motor 1.pmh 
Including Project File: /var/ftp/usrflash/Project/PMAC Script Language/Global Includes/Motor 2.pmh 
Including Project File: /var/ftp/usrflash/Project/PMAC Script Language/Global Includes/Motor 3.pmh 
Including Project File: /var/ftp/usrflash/Project/PMAC Script Language/Global Includes/Motor 4.pmh 
Including Project File: /var/ftp/usrflash/Project/PMAC Script Language/Global Includes/Motor 5.pmh 
Including Project File: /var/ftp/usrflash/Project/PMAC Script Language/Global Includes/Motor 6.pmh 
Including Project File: /var/ftp/usrflash/Project/PMAC Script Language/Global Includes/Motor 7.pmh 
Including Project File: /var/ftp/usrflash/Project/PMAC Script Language/Global Includes/Motor 8.pmh 
Including Project File: /var/ftp/usrflash/Project/PMAC Script Language/Global Includes/PLCS.pmh 
Including Project File: /var/ftp/usrflash/Project/PMAC Script Language/Global Includes/trajectory_scan_definitions_ppmac.pmh 
Including Project File: /var/ftp/usrflash/Project/PMAC Script Language/Kinematic Routines/CS3_2Jack.kin 
Including Project File: /var/ftp/usrflash/Project/PMAC Script Language/Libraries/subprog1.pmc 
Including Project File: /var/ftp/usrflash/Project/PMAC Script Language/Motion Programs/PROG10_CS_motion.pmc 
Including Project File: /var/ftp/usrflash/Project/PMAC Script Language/Motion Programs/trajectory_scan_code_ppmac.pmc 
Including Project File: /var/ftp/usrflash/Project/PMAC Script Language/PLC Programs/LabPLCs.plc 
Including Project File: /var/ftp/usrflash/Project/Configuration/pp_startup.txt 
Status: Pass 1 Create debug file, #defines, *.h & .sym files, Time (sec) = 0.236491
Status: Pass 2 Verify prog calls, local stack & labels, Time (sec)  = 0.018181
92 Project Symbols were created for gpascii -2 communication
Status: Create PPMAC Symbol Table & Run CPP Time (sec) = 0.323633
Error: downloading preprocessed File: "/var/ftp/usrflash/Temp/pp_proj.pma"
Status: Download to PPMAC Command Processor, Time (sec) = 0.004777
Project Preprocessing & Load Total Time (sec) = 0.670139
[PMAC_PROJECT]
Start of Project Loading using INI File: "/var/ftp/usrflash/Project/Configuration/pp_proj.ini"
LoadRTUserCode() Delta Time (sec) = 0.083329
Including Project File: /var/ftp/usrflash/Project/Configuration/pp_disable.txt 
Including Project File: /var/ftp/usrflash/Project/PMAC Script Language/Global Includes/CS3_2Jack.pmh 
Including Project File: /var/ftp/usrflash/Project/PMAC Script Language/Global Includes/global definitions.pmh 
Including Project File: /var/ftp/usrflash/Project/PMAC Script Language/Global Includes/Motor 1.pmh 
Including Project File: /var/ftp/usrflash/Project/PMAC Script Language/Global Includes/Motor 2.pmh 
Including Project File: /var/ftp/usrflash/Project/PMAC Script Language/Global Includes/Motor 3.pmh 
Including Project File: /var/ftp/usrflash/Project/PMAC Script Language/Global Includes/Motor 4.pmh 
Including Project File: /var/ftp/usrflash/Project/PMAC Script Language/Global Includes/Motor 5.pmh 
Including Project File: /var/ftp/usrflash/Project/PMAC Script Language/Global Includes/Motor 6.pmh 
Including Project File: /var/ftp/usrflash/Project/PMAC Script Language/Global Includes/Motor 7.pmh 
Including Project File: /var/ftp/usrflash/Project/PMAC Script Language/Global Includes/Motor 8.pmh 
Including Project File: /var/ftp/usrflash/Project/PMAC Script Language/Global Includes/PLCS.pmh 
Including Project File: /var/ftp/usrflash/Project/PMAC Script Language/Global Includes/trajectory_scan_definitions_ppmac.pmh 
Including Project File: /var/ftp/usrflash/Project/PMAC Script Language/Kinematic Routines/CS3_2Jack.kin 
Including Project File: /var/ftp/usrflash/Project/PMAC Script Language/Libraries/subprog1.pmc 
Including Project File: /var/ftp/usrflash/Project/PMAC Script Language/Motion Programs/PROG10_CS_motion.pmc 
Including Project File: /var/ftp/usrflash/Project/PMAC Script Language/Motion Programs/trajectory_scan_code_ppmac.pmc 
Including Project File: /var/ftp/usrflash/Project/PMAC Script Language/PLC Programs/LabPLCs.plc 
Including Project File: /var/ftp/usrflash/Project/Configuration/pp_startup.txt 
Status: Pass 1 Create debug file, #defines, *.h & .sym files, Time (sec) = 0.238953
Status: Pass 2 Verify prog calls, local stack & labels, Time (sec)  = 0.018283
92 Project Symbols were created for gpascii -2 communication
Status: Create PPMAC Symbol Table & Run CPP Time (sec) = 0.321165
Status: Successful load of preprocessed File: "/var/ftp/usrflash/Temp/pp_proj.pma"
Status: Download to PPMAC Command Processor, Time (sec) = 0.006467
Status: Final pp_proj.h & Run Background C Apps, Time (sec) = 0.265843
Project Preprocessing & Load Total Time (sec) = 0.934567
